{"C:\\Users\\Clay O'Dell\\AU_SWE_Bootcamp\\express-jobly\\app.js": {"path":"C:\\Users\\Clay O'Dell\\AU_SWE_Bootcamp\\express-jobly\\app.js","statementMap":{"0":{"start":{"line":5,"column":16},"end":{"line":5,"column":34}},"1":{"start":{"line":6,"column":13},"end":{"line":6,"column":28}},"2":{"start":{"line":8,"column":26},"end":{"line":8,"column":51}},"3":{"start":{"line":10,"column":28},"end":{"line":10,"column":56}},"4":{"start":{"line":11,"column":19},"end":{"line":11,"column":43}},"5":{"start":{"line":12,"column":24},"end":{"line":12,"column":53}},"6":{"start":{"line":13,"column":20},"end":{"line":13,"column":45}},"7":{"start":{"line":14,"column":19},"end":{"line":14,"column":43}},"8":{"start":{"line":16,"column":15},"end":{"line":16,"column":32}},"9":{"start":{"line":18,"column":12},"end":{"line":18,"column":21}},"10":{"start":{"line":20,"column":0},"end":{"line":20,"column":16}},"11":{"start":{"line":21,"column":0},"end":{"line":21,"column":24}},"12":{"start":{"line":22,"column":0},"end":{"line":22,"column":24}},"13":{"start":{"line":23,"column":0},"end":{"line":23,"column":25}},"14":{"start":{"line":25,"column":0},"end":{"line":25,"column":29}},"15":{"start":{"line":26,"column":0},"end":{"line":26,"column":39}},"16":{"start":{"line":27,"column":0},"end":{"line":27,"column":31}},"17":{"start":{"line":28,"column":0},"end":{"line":28,"column":29}},"18":{"start":{"line":31,"column":0},"end":{"line":33,"column":3}},"19":{"start":{"line":32,"column":2},"end":{"line":32,"column":35}},"20":{"start":{"line":36,"column":0},"end":{"line":44,"column":3}},"21":{"start":{"line":37,"column":2},"end":{"line":37,"column":64}},"22":{"start":{"line":37,"column":39},"end":{"line":37,"column":64}},"23":{"start":{"line":38,"column":17},"end":{"line":38,"column":34}},"24":{"start":{"line":39,"column":18},"end":{"line":39,"column":29}},"25":{"start":{"line":41,"column":2},"end":{"line":43,"column":5}},"26":{"start":{"line":46,"column":0},"end":{"line":46,"column":21}}},"fnMap":{"0":{"name":"(anonymous_0)","decl":{"start":{"line":31,"column":8},"end":{"line":31,"column":9}},"loc":{"start":{"line":31,"column":34},"end":{"line":33,"column":1}},"line":31},"1":{"name":"(anonymous_1)","decl":{"start":{"line":36,"column":8},"end":{"line":36,"column":9}},"loc":{"start":{"line":36,"column":39},"end":{"line":44,"column":1}},"line":36}},"branchMap":{"0":{"loc":{"start":{"line":37,"column":2},"end":{"line":37,"column":64}},"type":"if","locations":[{"start":{"line":37,"column":2},"end":{"line":37,"column":64}},{"start":{},"end":{}}],"line":37},"1":{"loc":{"start":{"line":38,"column":17},"end":{"line":38,"column":34}},"type":"binary-expr","locations":[{"start":{"line":38,"column":17},"end":{"line":38,"column":27}},{"start":{"line":38,"column":31},"end":{"line":38,"column":34}}],"line":38}},"s":{"0":5,"1":5,"2":5,"3":5,"4":5,"5":5,"6":5,"7":5,"8":5,"9":5,"10":5,"11":5,"12":5,"13":5,"14":5,"15":5,"16":5,"17":5,"18":5,"19":2,"20":5,"21":50,"22":1,"23":50,"24":50,"25":50,"26":5},"f":{"0":2,"1":50},"b":{"0":[1,49],"1":[50,3]},"_coverageSchema":"1a1c01bbd47fc00a2c39e90264f33305004495a9","hash":"c06636b253c48adfcabe8cc5eb9c009ff091d99b"}
,"C:\\Users\\Clay O'Dell\\AU_SWE_Bootcamp\\express-jobly\\config.js": {"path":"C:\\Users\\Clay O'Dell\\AU_SWE_Bootcamp\\express-jobly\\config.js","statementMap":{"0":{"start":{"line":5,"column":0},"end":{"line":5,"column":27}},"1":{"start":{"line":6,"column":0},"end":{"line":6,"column":18}},"2":{"start":{"line":8,"column":19},"end":{"line":8,"column":57}},"3":{"start":{"line":10,"column":13},"end":{"line":10,"column":38}},"4":{"start":{"line":14,"column":2},"end":{"line":16,"column":58}},"5":{"start":{"line":22,"column":27},"end":{"line":22,"column":67}},"6":{"start":{"line":24,"column":0},"end":{"line":24,"column":35}},"7":{"start":{"line":25,"column":0},"end":{"line":25,"column":46}},"8":{"start":{"line":26,"column":0},"end":{"line":26,"column":45}},"9":{"start":{"line":27,"column":0},"end":{"line":27,"column":61}},"10":{"start":{"line":28,"column":0},"end":{"line":28,"column":50}},"11":{"start":{"line":29,"column":0},"end":{"line":29,"column":19}},"12":{"start":{"line":31,"column":0},"end":{"line":36,"column":2}}},"fnMap":{"0":{"name":"getDatabaseUri","decl":{"start":{"line":13,"column":9},"end":{"line":13,"column":23}},"loc":{"start":{"line":13,"column":26},"end":{"line":17,"column":1}},"line":13}},"branchMap":{"0":{"loc":{"start":{"line":8,"column":19},"end":{"line":8,"column":57}},"type":"binary-expr","locations":[{"start":{"line":8,"column":19},"end":{"line":8,"column":41}},{"start":{"line":8,"column":45},"end":{"line":8,"column":57}}],"line":8},"1":{"loc":{"start":{"line":10,"column":13},"end":{"line":10,"column":38}},"type":"binary-expr","locations":[{"start":{"line":10,"column":13},"end":{"line":10,"column":30}},{"start":{"line":10,"column":34},"end":{"line":10,"column":38}}],"line":10},"2":{"loc":{"start":{"line":14,"column":9},"end":{"line":16,"column":57}},"type":"cond-expr","locations":[{"start":{"line":15,"column":8},"end":{"line":15,"column":67}},{"start":{"line":16,"column":8},"end":{"line":16,"column":57}}],"line":14},"3":{"loc":{"start":{"line":15,"column":8},"end":{"line":15,"column":67}},"type":"binary-expr","locations":[{"start":{"line":15,"column":8},"end":{"line":15,"column":37}},{"start":{"line":15,"column":41},"end":{"line":15,"column":67}}],"line":15},"4":{"loc":{"start":{"line":16,"column":8},"end":{"line":16,"column":57}},"type":"binary-expr","locations":[{"start":{"line":16,"column":8},"end":{"line":16,"column":32}},{"start":{"line":16,"column":36},"end":{"line":16,"column":57}}],"line":16},"5":{"loc":{"start":{"line":22,"column":27},"end":{"line":22,"column":67}},"type":"cond-expr","locations":[{"start":{"line":22,"column":61},"end":{"line":22,"column":62}},{"start":{"line":22,"column":65},"end":{"line":22,"column":67}}],"line":22}},"s":{"0":11,"1":11,"2":11,"3":11,"4":22,"5":11,"6":11,"7":11,"8":11,"9":11,"10":11,"11":11,"12":11},"f":{"0":22},"b":{"0":[11,0],"1":[11,10],"2":[19,3],"3":[19,0],"4":[3,1],"5":[10,1]},"_coverageSchema":"1a1c01bbd47fc00a2c39e90264f33305004495a9","hash":"d5f037b4c4058539dff016804046d3b786ebfceb"}
,"C:\\Users\\Clay O'Dell\\AU_SWE_Bootcamp\\express-jobly\\db.js": {"path":"C:\\Users\\Clay O'Dell\\AU_SWE_Bootcamp\\express-jobly\\db.js","statementMap":{"0":{"start":{"line":3,"column":19},"end":{"line":3,"column":32}},"1":{"start":{"line":4,"column":27},"end":{"line":4,"column":46}},"2":{"start":{"line":8,"column":0},"end":{"line":19,"column":1}},"3":{"start":{"line":9,"column":2},"end":{"line":14,"column":5}},"4":{"start":{"line":16,"column":2},"end":{"line":18,"column":5}},"5":{"start":{"line":21,"column":0},"end":{"line":21,"column":13}},"6":{"start":{"line":23,"column":0},"end":{"line":23,"column":20}}},"fnMap":{},"branchMap":{"0":{"loc":{"start":{"line":8,"column":0},"end":{"line":19,"column":1}},"type":"if","locations":[{"start":{"line":8,"column":0},"end":{"line":19,"column":1}},{"start":{"line":15,"column":7},"end":{"line":19,"column":1}}],"line":8}},"s":{"0":8,"1":8,"2":8,"3":0,"4":8,"5":8,"6":8},"f":{},"b":{"0":[0,8]},"_coverageSchema":"1a1c01bbd47fc00a2c39e90264f33305004495a9","hash":"1b0c06194d9e1fa0228c433f8a56a4902be5567c"}
,"C:\\Users\\Clay O'Dell\\AU_SWE_Bootcamp\\express-jobly\\expressError.js": {"path":"C:\\Users\\Clay O'Dell\\AU_SWE_Bootcamp\\express-jobly\\expressError.js","statementMap":{"0":{"start":{"line":9,"column":4},"end":{"line":9,"column":12}},"1":{"start":{"line":10,"column":4},"end":{"line":10,"column":27}},"2":{"start":{"line":11,"column":4},"end":{"line":11,"column":25}},"3":{"start":{"line":19,"column":4},"end":{"line":19,"column":24}},"4":{"start":{"line":27,"column":4},"end":{"line":27,"column":24}},"5":{"start":{"line":35,"column":4},"end":{"line":35,"column":24}},"6":{"start":{"line":43,"column":4},"end":{"line":43,"column":24}},"7":{"start":{"line":47,"column":0},"end":{"line":53,"column":2}}},"fnMap":{"0":{"name":"(anonymous_0)","decl":{"start":{"line":8,"column":2},"end":{"line":8,"column":3}},"loc":{"start":{"line":8,"column":31},"end":{"line":12,"column":3}},"line":8},"1":{"name":"(anonymous_1)","decl":{"start":{"line":18,"column":2},"end":{"line":18,"column":3}},"loc":{"start":{"line":18,"column":37},"end":{"line":20,"column":3}},"line":18},"2":{"name":"(anonymous_2)","decl":{"start":{"line":26,"column":2},"end":{"line":26,"column":3}},"loc":{"start":{"line":26,"column":40},"end":{"line":28,"column":3}},"line":26},"3":{"name":"(anonymous_3)","decl":{"start":{"line":34,"column":2},"end":{"line":34,"column":3}},"loc":{"start":{"line":34,"column":39},"end":{"line":36,"column":3}},"line":34},"4":{"name":"(anonymous_4)","decl":{"start":{"line":42,"column":2},"end":{"line":42,"column":3}},"loc":{"start":{"line":42,"column":39},"end":{"line":44,"column":3}},"line":42}},"branchMap":{"0":{"loc":{"start":{"line":18,"column":14},"end":{"line":18,"column":35}},"type":"default-arg","locations":[{"start":{"line":18,"column":24},"end":{"line":18,"column":35}}],"line":18},"1":{"loc":{"start":{"line":26,"column":14},"end":{"line":26,"column":38}},"type":"default-arg","locations":[{"start":{"line":26,"column":24},"end":{"line":26,"column":38}}],"line":26},"2":{"loc":{"start":{"line":34,"column":14},"end":{"line":34,"column":37}},"type":"default-arg","locations":[{"start":{"line":34,"column":24},"end":{"line":34,"column":37}}],"line":34},"3":{"loc":{"start":{"line":42,"column":14},"end":{"line":42,"column":37}},"type":"default-arg","locations":[{"start":{"line":42,"column":24},"end":{"line":42,"column":37}}],"line":42}},"s":{"0":70,"1":70,"2":70,"3":21,"4":21,"5":28,"6":0,"7":10},"f":{"0":70,"1":21,"2":21,"3":28,"4":0},"b":{"0":[2],"1":[10],"2":[0],"3":[0]},"_coverageSchema":"1a1c01bbd47fc00a2c39e90264f33305004495a9","hash":"4ace9a562b2550dc04ae656130b3c3911af5154d"}
,"C:\\Users\\Clay O'Dell\\AU_SWE_Bootcamp\\express-jobly\\helpers\\sql.js": {"path":"C:\\Users\\Clay O'Dell\\AU_SWE_Bootcamp\\express-jobly\\helpers\\sql.js","statementMap":{"0":{"start":{"line":1,"column":28},"end":{"line":1,"column":54}},"1":{"start":{"line":14,"column":15},"end":{"line":14,"column":40}},"2":{"start":{"line":15,"column":2},"end":{"line":15,"column":62}},"3":{"start":{"line":15,"column":25},"end":{"line":15,"column":62}},"4":{"start":{"line":18,"column":15},"end":{"line":20,"column":3}},"5":{"start":{"line":19,"column":6},"end":{"line":19,"column":52}},"6":{"start":{"line":22,"column":2},"end":{"line":25,"column":4}},"7":{"start":{"line":28,"column":0},"end":{"line":28,"column":41}}},"fnMap":{"0":{"name":"sqlForPartialUpdate","decl":{"start":{"line":13,"column":9},"end":{"line":13,"column":28}},"loc":{"start":{"line":13,"column":52},"end":{"line":26,"column":1}},"line":13},"1":{"name":"(anonymous_1)","decl":{"start":{"line":18,"column":24},"end":{"line":18,"column":25}},"loc":{"start":{"line":19,"column":6},"end":{"line":19,"column":52}},"line":19}},"branchMap":{"0":{"loc":{"start":{"line":15,"column":2},"end":{"line":15,"column":62}},"type":"if","locations":[{"start":{"line":15,"column":2},"end":{"line":15,"column":62}},{"start":{},"end":{}}],"line":15},"1":{"loc":{"start":{"line":19,"column":10},"end":{"line":19,"column":37}},"type":"binary-expr","locations":[{"start":{"line":19,"column":10},"end":{"line":19,"column":26}},{"start":{"line":19,"column":30},"end":{"line":19,"column":37}}],"line":19}},"s":{"0":9,"1":21,"2":21,"3":3,"4":18,"5":38,"6":18,"7":9},"f":{"0":21,"1":38},"b":{"0":[3,18],"1":[38,14]},"_coverageSchema":"1a1c01bbd47fc00a2c39e90264f33305004495a9","hash":"1cd888a127457e49db8a847085d32519b3c3892a"}
,"C:\\Users\\Clay O'Dell\\AU_SWE_Bootcamp\\express-jobly\\helpers\\tokens.js": {"path":"C:\\Users\\Clay O'Dell\\AU_SWE_Bootcamp\\express-jobly\\helpers\\tokens.js","statementMap":{"0":{"start":{"line":1,"column":12},"end":{"line":1,"column":35}},"1":{"start":{"line":2,"column":23},"end":{"line":2,"column":43}},"2":{"start":{"line":7,"column":2},"end":{"line":8,"column":58}},"3":{"start":{"line":10,"column":16},"end":{"line":13,"column":3}},"4":{"start":{"line":15,"column":2},"end":{"line":15,"column":39}},"5":{"start":{"line":18,"column":0},"end":{"line":18,"column":33}}},"fnMap":{"0":{"name":"createToken","decl":{"start":{"line":6,"column":9},"end":{"line":6,"column":20}},"loc":{"start":{"line":6,"column":27},"end":{"line":16,"column":1}},"line":6}},"branchMap":{"0":{"loc":{"start":{"line":12,"column":13},"end":{"line":12,"column":34}},"type":"binary-expr","locations":[{"start":{"line":12,"column":13},"end":{"line":12,"column":25}},{"start":{"line":12,"column":29},"end":{"line":12,"column":34}}],"line":12}},"s":{"0":6,"1":6,"2":15,"3":15,"4":15,"5":6},"f":{"0":15},"b":{"0":[15,9]},"_coverageSchema":"1a1c01bbd47fc00a2c39e90264f33305004495a9","hash":"849a0eca90f5623762370d1d4f97d1c0e929911b"}
,"C:\\Users\\Clay O'Dell\\AU_SWE_Bootcamp\\express-jobly\\middleware\\auth.js": {"path":"C:\\Users\\Clay O'Dell\\AU_SWE_Bootcamp\\express-jobly\\middleware\\auth.js","statementMap":{"0":{"start":{"line":5,"column":12},"end":{"line":5,"column":35}},"1":{"start":{"line":6,"column":23},"end":{"line":6,"column":43}},"2":{"start":{"line":7,"column":30},"end":{"line":7,"column":56}},"3":{"start":{"line":18,"column":2},"end":{"line":27,"column":3}},"4":{"start":{"line":19,"column":23},"end":{"line":19,"column":63}},"5":{"start":{"line":20,"column":4},"end":{"line":23,"column":5}},"6":{"start":{"line":21,"column":20},"end":{"line":21,"column":64}},"7":{"start":{"line":22,"column":6},"end":{"line":22,"column":54}},"8":{"start":{"line":24,"column":4},"end":{"line":24,"column":18}},"9":{"start":{"line":26,"column":4},"end":{"line":26,"column":18}},"10":{"start":{"line":36,"column":2},"end":{"line":41,"column":3}},"11":{"start":{"line":37,"column":4},"end":{"line":37,"column":56}},"12":{"start":{"line":37,"column":26},"end":{"line":37,"column":56}},"13":{"start":{"line":38,"column":4},"end":{"line":38,"column":18}},"14":{"start":{"line":40,"column":4},"end":{"line":40,"column":21}},"15":{"start":{"line":45,"column":2},"end":{"line":49,"column":3}},"16":{"start":{"line":46,"column":4},"end":{"line":46,"column":11}},"17":{"start":{"line":48,"column":4},"end":{"line":48,"column":62}},"18":{"start":{"line":52,"column":0},"end":{"line":56,"column":2}}},"fnMap":{"0":{"name":"authenticateJWT","decl":{"start":{"line":17,"column":9},"end":{"line":17,"column":24}},"loc":{"start":{"line":17,"column":41},"end":{"line":28,"column":1}},"line":17},"1":{"name":"ensureLoggedIn","decl":{"start":{"line":35,"column":9},"end":{"line":35,"column":23}},"loc":{"start":{"line":35,"column":40},"end":{"line":42,"column":1}},"line":35},"2":{"name":"ensureAdmin","decl":{"start":{"line":44,"column":9},"end":{"line":44,"column":20}},"loc":{"start":{"line":44,"column":37},"end":{"line":50,"column":1}},"line":44}},"branchMap":{"0":{"loc":{"start":{"line":19,"column":23},"end":{"line":19,"column":63}},"type":"binary-expr","locations":[{"start":{"line":19,"column":23},"end":{"line":19,"column":34}},{"start":{"line":19,"column":38},"end":{"line":19,"column":63}}],"line":19},"1":{"loc":{"start":{"line":20,"column":4},"end":{"line":23,"column":5}},"type":"if","locations":[{"start":{"line":20,"column":4},"end":{"line":23,"column":5}},{"start":{},"end":{}}],"line":20},"2":{"loc":{"start":{"line":37,"column":4},"end":{"line":37,"column":56}},"type":"if","locations":[{"start":{"line":37,"column":4},"end":{"line":37,"column":56}},{"start":{},"end":{}}],"line":37},"3":{"loc":{"start":{"line":45,"column":2},"end":{"line":49,"column":3}},"type":"if","locations":[{"start":{"line":45,"column":2},"end":{"line":49,"column":3}},{"start":{"line":47,"column":9},"end":{"line":49,"column":3}}],"line":45},"4":{"loc":{"start":{"line":45,"column":5},"end":{"line":45,"column":47}},"type":"binary-expr","locations":[{"start":{"line":45,"column":5},"end":{"line":45,"column":20}},{"start":{"line":45,"column":24},"end":{"line":45,"column":47}}],"line":45}},"s":{"0":6,"1":6,"2":6,"3":132,"4":132,"5":132,"6":83,"7":83,"8":131,"9":1,"10":53,"11":53,"12":10,"13":43,"14":10,"15":33,"16":26,"17":7,"18":6},"f":{"0":132,"1":53,"2":33},"b":{"0":[132,131],"1":[83,49],"2":[10,43],"3":[26,7],"4":[33,32]},"_coverageSchema":"1a1c01bbd47fc00a2c39e90264f33305004495a9","hash":"e8a061c66143b18bdaf88619a7533c5af4f61279"}
,"C:\\Users\\Clay O'Dell\\AU_SWE_Bootcamp\\express-jobly\\models\\_testCommon.js": {"path":"C:\\Users\\Clay O'Dell\\AU_SWE_Bootcamp\\express-jobly\\models\\_testCommon.js","statementMap":{"0":{"start":{"line":1,"column":15},"end":{"line":1,"column":32}},"1":{"start":{"line":3,"column":11},"end":{"line":3,"column":30}},"2":{"start":{"line":4,"column":31},"end":{"line":4,"column":51}},"3":{"start":{"line":8,"column":2},"end":{"line":8,"column":42}},"4":{"start":{"line":10,"column":2},"end":{"line":10,"column":38}},"5":{"start":{"line":12,"column":2},"end":{"line":12,"column":37}},"6":{"start":{"line":14,"column":2},"end":{"line":18,"column":55}},"7":{"start":{"line":20,"column":2},"end":{"line":34,"column":4}},"8":{"start":{"line":36,"column":2},"end":{"line":43,"column":4}},"9":{"start":{"line":47,"column":2},"end":{"line":47,"column":26}},"10":{"start":{"line":52,"column":2},"end":{"line":52,"column":29}},"11":{"start":{"line":56,"column":2},"end":{"line":56,"column":17}},"12":{"start":{"line":59,"column":0},"end":{"line":64,"column":2}}},"fnMap":{"0":{"name":"commonBeforeAll","decl":{"start":{"line":6,"column":15},"end":{"line":6,"column":30}},"loc":{"start":{"line":6,"column":33},"end":{"line":44,"column":1}},"line":6},"1":{"name":"commonBeforeEach","decl":{"start":{"line":46,"column":15},"end":{"line":46,"column":31}},"loc":{"start":{"line":46,"column":34},"end":{"line":49,"column":1}},"line":46},"2":{"name":"commonAfterEach","decl":{"start":{"line":51,"column":15},"end":{"line":51,"column":30}},"loc":{"start":{"line":51,"column":33},"end":{"line":53,"column":1}},"line":51},"3":{"name":"commonAfterAll","decl":{"start":{"line":55,"column":15},"end":{"line":55,"column":29}},"loc":{"start":{"line":55,"column":32},"end":{"line":57,"column":1}},"line":55}},"branchMap":{},"s":{"0":3,"1":3,"2":3,"3":3,"4":3,"5":3,"6":3,"7":3,"8":3,"9":51,"10":51,"11":3,"12":3},"f":{"0":3,"1":51,"2":51,"3":3},"b":{},"_coverageSchema":"1a1c01bbd47fc00a2c39e90264f33305004495a9","hash":"046884e77bf9674a20b46b4c0bca4dbd494fd559"}
,"C:\\Users\\Clay O'Dell\\AU_SWE_Bootcamp\\express-jobly\\models\\company.js": {"path":"C:\\Users\\Clay O'Dell\\AU_SWE_Bootcamp\\express-jobly\\models\\company.js","statementMap":{"0":{"start":{"line":3,"column":11},"end":{"line":3,"column":27}},"1":{"start":{"line":4,"column":43},"end":{"line":4,"column":69}},"2":{"start":{"line":5,"column":32},"end":{"line":5,"column":57}},"3":{"start":{"line":20,"column":27},"end":{"line":25,"column":5}},"4":{"start":{"line":27,"column":4},"end":{"line":28,"column":64}},"5":{"start":{"line":28,"column":6},"end":{"line":28,"column":64}},"6":{"start":{"line":30,"column":19},"end":{"line":36,"column":5}},"7":{"start":{"line":37,"column":20},"end":{"line":37,"column":34}},"8":{"start":{"line":39,"column":4},"end":{"line":39,"column":19}},"9":{"start":{"line":48,"column":25},"end":{"line":56,"column":5}},"10":{"start":{"line":57,"column":4},"end":{"line":57,"column":29}},"11":{"start":{"line":69,"column":23},"end":{"line":78,"column":5}},"12":{"start":{"line":80,"column":20},"end":{"line":80,"column":38}},"13":{"start":{"line":82,"column":4},"end":{"line":82,"column":67}},"14":{"start":{"line":82,"column":18},"end":{"line":82,"column":67}},"15":{"start":{"line":84,"column":4},"end":{"line":84,"column":19}},"16":{"start":{"line":88,"column":22},"end":{"line":96,"column":5}},"17":{"start":{"line":97,"column":4},"end":{"line":97,"column":26}},"18":{"start":{"line":101,"column":22},"end":{"line":111,"column":5}},"19":{"start":{"line":112,"column":4},"end":{"line":112,"column":26}},"20":{"start":{"line":116,"column":22},"end":{"line":122,"column":5}},"21":{"start":{"line":123,"column":4},"end":{"line":123,"column":26}},"22":{"start":{"line":138,"column":32},"end":{"line":141,"column":6}},"23":{"start":{"line":142,"column":25},"end":{"line":142,"column":50}},"24":{"start":{"line":144,"column":21},"end":{"line":151,"column":54}},"25":{"start":{"line":152,"column":19},"end":{"line":152,"column":64}},"26":{"start":{"line":153,"column":20},"end":{"line":153,"column":34}},"27":{"start":{"line":155,"column":4},"end":{"line":155,"column":67}},"28":{"start":{"line":155,"column":18},"end":{"line":155,"column":67}},"29":{"start":{"line":157,"column":4},"end":{"line":157,"column":19}},"30":{"start":{"line":166,"column":19},"end":{"line":172,"column":5}},"31":{"start":{"line":173,"column":20},"end":{"line":173,"column":34}},"32":{"start":{"line":175,"column":4},"end":{"line":175,"column":67}},"33":{"start":{"line":175,"column":18},"end":{"line":175,"column":67}},"34":{"start":{"line":179,"column":24},"end":{"line":179,"column":64}},"35":{"start":{"line":180,"column":23},"end":{"line":180,"column":80}},"36":{"start":{"line":181,"column":16},"end":{"line":181,"column":18}},"37":{"start":{"line":182,"column":17},"end":{"line":182,"column":19}},"38":{"start":{"line":184,"column":4},"end":{"line":188,"column":5}},"39":{"start":{"line":185,"column":6},"end":{"line":187,"column":7}},"40":{"start":{"line":186,"column":8},"end":{"line":186,"column":68}},"41":{"start":{"line":189,"column":49},"end":{"line":189,"column":56}},"42":{"start":{"line":190,"column":4},"end":{"line":192,"column":5}},"43":{"start":{"line":191,"column":6},"end":{"line":191,"column":58}},"44":{"start":{"line":193,"column":4},"end":{"line":195,"column":5}},"45":{"start":{"line":194,"column":6},"end":{"line":194,"column":90}},"46":{"start":{"line":196,"column":4},"end":{"line":199,"column":5}},"47":{"start":{"line":197,"column":6},"end":{"line":197,"column":60}},"48":{"start":{"line":198,"column":6},"end":{"line":198,"column":50}},"49":{"start":{"line":200,"column":4},"end":{"line":203,"column":5}},"50":{"start":{"line":201,"column":6},"end":{"line":201,"column":60}},"51":{"start":{"line":202,"column":6},"end":{"line":202,"column":32}},"52":{"start":{"line":204,"column":4},"end":{"line":207,"column":5}},"53":{"start":{"line":205,"column":6},"end":{"line":205,"column":60}},"54":{"start":{"line":206,"column":6},"end":{"line":206,"column":32}},"55":{"start":{"line":208,"column":16},"end":{"line":208,"column":48}},"56":{"start":{"line":209,"column":4},"end":{"line":211,"column":5}},"57":{"start":{"line":210,"column":6},"end":{"line":210,"column":47}},"58":{"start":{"line":212,"column":19},"end":{"line":212,"column":48}},"59":{"start":{"line":213,"column":4},"end":{"line":213,"column":23}},"60":{"start":{"line":217,"column":0},"end":{"line":217,"column":25}}},"fnMap":{"0":{"name":"(anonymous_0)","decl":{"start":{"line":19,"column":2},"end":{"line":19,"column":3}},"loc":{"start":{"line":19,"column":76},"end":{"line":40,"column":3}},"line":19},"1":{"name":"(anonymous_1)","decl":{"start":{"line":47,"column":2},"end":{"line":47,"column":3}},"loc":{"start":{"line":47,"column":25},"end":{"line":58,"column":3}},"line":47},"2":{"name":"(anonymous_2)","decl":{"start":{"line":68,"column":2},"end":{"line":68,"column":3}},"loc":{"start":{"line":68,"column":27},"end":{"line":85,"column":3}},"line":68},"3":{"name":"(anonymous_3)","decl":{"start":{"line":87,"column":2},"end":{"line":87,"column":3}},"loc":{"start":{"line":87,"column":32},"end":{"line":98,"column":3}},"line":87},"4":{"name":"(anonymous_4)","decl":{"start":{"line":100,"column":2},"end":{"line":100,"column":3}},"loc":{"start":{"line":100,"column":33},"end":{"line":113,"column":3}},"line":100},"5":{"name":"(anonymous_5)","decl":{"start":{"line":115,"column":2},"end":{"line":115,"column":3}},"loc":{"start":{"line":115,"column":33},"end":{"line":124,"column":3}},"line":115},"6":{"name":"(anonymous_6)","decl":{"start":{"line":137,"column":2},"end":{"line":137,"column":3}},"loc":{"start":{"line":137,"column":36},"end":{"line":158,"column":3}},"line":137},"7":{"name":"(anonymous_7)","decl":{"start":{"line":165,"column":2},"end":{"line":165,"column":3}},"loc":{"start":{"line":165,"column":30},"end":{"line":176,"column":3}},"line":165},"8":{"name":"(anonymous_8)","decl":{"start":{"line":178,"column":2},"end":{"line":178,"column":3}},"loc":{"start":{"line":178,"column":37},"end":{"line":214,"column":3}},"line":178}},"branchMap":{"0":{"loc":{"start":{"line":27,"column":4},"end":{"line":28,"column":64}},"type":"if","locations":[{"start":{"line":27,"column":4},"end":{"line":28,"column":64}},{"start":{},"end":{}}],"line":27},"1":{"loc":{"start":{"line":82,"column":4},"end":{"line":82,"column":67}},"type":"if","locations":[{"start":{"line":82,"column":4},"end":{"line":82,"column":67}},{"start":{},"end":{}}],"line":82},"2":{"loc":{"start":{"line":155,"column":4},"end":{"line":155,"column":67}},"type":"if","locations":[{"start":{"line":155,"column":4},"end":{"line":155,"column":67}},{"start":{},"end":{}}],"line":155},"3":{"loc":{"start":{"line":175,"column":4},"end":{"line":175,"column":67}},"type":"if","locations":[{"start":{"line":175,"column":4},"end":{"line":175,"column":67}},{"start":{},"end":{}}],"line":175},"4":{"loc":{"start":{"line":185,"column":6},"end":{"line":187,"column":7}},"type":"if","locations":[{"start":{"line":185,"column":6},"end":{"line":187,"column":7}},{"start":{},"end":{}}],"line":185},"5":{"loc":{"start":{"line":190,"column":4},"end":{"line":192,"column":5}},"type":"if","locations":[{"start":{"line":190,"column":4},"end":{"line":192,"column":5}},{"start":{},"end":{}}],"line":190},"6":{"loc":{"start":{"line":190,"column":8},"end":{"line":190,"column":36}},"type":"binary-expr","locations":[{"start":{"line":190,"column":8},"end":{"line":190,"column":20}},{"start":{"line":190,"column":24},"end":{"line":190,"column":36}}],"line":190},"7":{"loc":{"start":{"line":193,"column":4},"end":{"line":195,"column":5}},"type":"if","locations":[{"start":{"line":193,"column":4},"end":{"line":195,"column":5}},{"start":{},"end":{}}],"line":193},"8":{"loc":{"start":{"line":196,"column":4},"end":{"line":199,"column":5}},"type":"if","locations":[{"start":{"line":196,"column":4},"end":{"line":199,"column":5}},{"start":{},"end":{}}],"line":196},"9":{"loc":{"start":{"line":200,"column":4},"end":{"line":203,"column":5}},"type":"if","locations":[{"start":{"line":200,"column":4},"end":{"line":203,"column":5}},{"start":{},"end":{}}],"line":200},"10":{"loc":{"start":{"line":204,"column":4},"end":{"line":207,"column":5}},"type":"if","locations":[{"start":{"line":204,"column":4},"end":{"line":207,"column":5}},{"start":{},"end":{}}],"line":204},"11":{"loc":{"start":{"line":209,"column":4},"end":{"line":211,"column":5}},"type":"if","locations":[{"start":{"line":209,"column":4},"end":{"line":211,"column":5}},{"start":{},"end":{}}],"line":209}},"s":{"0":6,"1":6,"2":6,"3":16,"4":16,"5":1,"6":15,"7":15,"8":15,"9":1,"10":1,"11":5,"12":5,"13":5,"14":2,"15":3,"16":2,"17":2,"18":1,"19":1,"20":1,"21":1,"22":6,"23":5,"24":5,"25":5,"26":5,"27":5,"28":2,"29":3,"30":4,"31":4,"32":4,"33":2,"34":10,"35":10,"36":10,"37":10,"38":10,"39":10,"40":1,"41":9,"42":9,"43":5,"44":9,"45":1,"46":8,"47":3,"48":3,"49":8,"50":2,"51":2,"52":8,"53":2,"54":2,"55":8,"56":8,"57":5,"58":8,"59":7,"60":6},"f":{"0":16,"1":1,"2":5,"3":2,"4":1,"5":1,"6":6,"7":4,"8":10},"b":{"0":[1,15],"1":[2,3],"2":[2,3],"3":[2,2],"4":[1,9],"5":[5,4],"6":[9,6],"7":[1,8],"8":[3,5],"9":[2,6],"10":[2,6],"11":[5,3]},"_coverageSchema":"1a1c01bbd47fc00a2c39e90264f33305004495a9","hash":"cad41391707bf6d1305d8731ccac41b908ebc7d4"}
,"C:\\Users\\Clay O'Dell\\AU_SWE_Bootcamp\\express-jobly\\models\\job.js": {"path":"C:\\Users\\Clay O'Dell\\AU_SWE_Bootcamp\\express-jobly\\models\\job.js","statementMap":{"0":{"start":{"line":3,"column":11},"end":{"line":3,"column":27}},"1":{"start":{"line":4,"column":43},"end":{"line":4,"column":69}},"2":{"start":{"line":5,"column":32},"end":{"line":5,"column":57}},"3":{"start":{"line":9,"column":24},"end":{"line":17,"column":5}},"4":{"start":{"line":18,"column":4},"end":{"line":20,"column":5}},"5":{"start":{"line":19,"column":6},"end":{"line":19,"column":49}},"6":{"start":{"line":21,"column":19},"end":{"line":27,"column":5}},"7":{"start":{"line":28,"column":16},"end":{"line":28,"column":30}},"8":{"start":{"line":29,"column":4},"end":{"line":29,"column":15}},"9":{"start":{"line":33,"column":20},"end":{"line":37,"column":5}},"10":{"start":{"line":38,"column":4},"end":{"line":38,"column":24}},"11":{"start":{"line":41,"column":19},"end":{"line":49,"column":5}},"12":{"start":{"line":50,"column":16},"end":{"line":50,"column":30}},"13":{"start":{"line":51,"column":4},"end":{"line":51,"column":63}},"14":{"start":{"line":51,"column":14},"end":{"line":51,"column":63}},"15":{"start":{"line":52,"column":4},"end":{"line":52,"column":15}},"16":{"start":{"line":56,"column":22},"end":{"line":56,"column":60}},"17":{"start":{"line":57,"column":4},"end":{"line":61,"column":5}},"18":{"start":{"line":58,"column":6},"end":{"line":60,"column":7}},"19":{"start":{"line":59,"column":8},"end":{"line":59,"column":57}},"20":{"start":{"line":63,"column":32},"end":{"line":67,"column":6}},"21":{"start":{"line":68,"column":21},"end":{"line":68,"column":46}},"22":{"start":{"line":70,"column":21},"end":{"line":77,"column":66}},"23":{"start":{"line":79,"column":19},"end":{"line":79,"column":60}},"24":{"start":{"line":81,"column":16},"end":{"line":81,"column":30}},"25":{"start":{"line":83,"column":4},"end":{"line":83,"column":55}},"26":{"start":{"line":83,"column":14},"end":{"line":83,"column":55}},"27":{"start":{"line":85,"column":4},"end":{"line":85,"column":15}},"28":{"start":{"line":88,"column":19},"end":{"line":93,"column":5}},"29":{"start":{"line":94,"column":16},"end":{"line":94,"column":30}},"30":{"start":{"line":96,"column":4},"end":{"line":96,"column":55}},"31":{"start":{"line":96,"column":14},"end":{"line":96,"column":55}},"32":{"start":{"line":97,"column":4},"end":{"line":97,"column":15}},"33":{"start":{"line":100,"column":24},"end":{"line":100,"column":59}},"34":{"start":{"line":101,"column":25},"end":{"line":101,"column":75}},"35":{"start":{"line":102,"column":16},"end":{"line":102,"column":18}},"36":{"start":{"line":103,"column":17},"end":{"line":103,"column":19}},"37":{"start":{"line":105,"column":4},"end":{"line":108,"column":5}},"38":{"start":{"line":106,"column":6},"end":{"line":107,"column":68}},"39":{"start":{"line":107,"column":8},"end":{"line":107,"column":68}},"40":{"start":{"line":109,"column":44},"end":{"line":109,"column":51}},"41":{"start":{"line":110,"column":4},"end":{"line":113,"column":5}},"42":{"start":{"line":111,"column":6},"end":{"line":111,"column":61}},"43":{"start":{"line":112,"column":6},"end":{"line":112,"column":51}},"44":{"start":{"line":114,"column":4},"end":{"line":117,"column":5}},"45":{"start":{"line":115,"column":6},"end":{"line":115,"column":53}},"46":{"start":{"line":116,"column":6},"end":{"line":116,"column":29}},"47":{"start":{"line":118,"column":4},"end":{"line":120,"column":5}},"48":{"start":{"line":119,"column":6},"end":{"line":119,"column":31}},"49":{"start":{"line":121,"column":16},"end":{"line":121,"column":43}},"50":{"start":{"line":122,"column":4},"end":{"line":124,"column":5}},"51":{"start":{"line":123,"column":6},"end":{"line":123,"column":47}},"52":{"start":{"line":125,"column":19},"end":{"line":125,"column":48}},"53":{"start":{"line":126,"column":4},"end":{"line":126,"column":23}},"54":{"start":{"line":129,"column":19},"end":{"line":134,"column":5}},"55":{"start":{"line":135,"column":4},"end":{"line":136,"column":77}},"56":{"start":{"line":136,"column":6},"end":{"line":136,"column":77}},"57":{"start":{"line":137,"column":4},"end":{"line":137,"column":23}},"58":{"start":{"line":140,"column":0},"end":{"line":140,"column":21}}},"fnMap":{"0":{"name":"(anonymous_0)","decl":{"start":{"line":8,"column":2},"end":{"line":8,"column":3}},"loc":{"start":{"line":8,"column":64},"end":{"line":30,"column":3}},"line":8},"1":{"name":"(anonymous_1)","decl":{"start":{"line":32,"column":2},"end":{"line":32,"column":3}},"loc":{"start":{"line":32,"column":25},"end":{"line":39,"column":3}},"line":32},"2":{"name":"(anonymous_2)","decl":{"start":{"line":40,"column":2},"end":{"line":40,"column":3}},"loc":{"start":{"line":40,"column":23},"end":{"line":53,"column":3}},"line":40},"3":{"name":"(anonymous_3)","decl":{"start":{"line":55,"column":2},"end":{"line":55,"column":3}},"loc":{"start":{"line":55,"column":32},"end":{"line":86,"column":3}},"line":55},"4":{"name":"(anonymous_4)","decl":{"start":{"line":87,"column":2},"end":{"line":87,"column":3}},"loc":{"start":{"line":87,"column":26},"end":{"line":98,"column":3}},"line":87},"5":{"name":"(anonymous_5)","decl":{"start":{"line":99,"column":2},"end":{"line":99,"column":3}},"loc":{"start":{"line":99,"column":32},"end":{"line":127,"column":3}},"line":99},"6":{"name":"(anonymous_6)","decl":{"start":{"line":128,"column":2},"end":{"line":128,"column":3}},"loc":{"start":{"line":128,"column":47},"end":{"line":138,"column":3}},"line":128}},"branchMap":{"0":{"loc":{"start":{"line":18,"column":4},"end":{"line":20,"column":5}},"type":"if","locations":[{"start":{"line":18,"column":4},"end":{"line":20,"column":5}},{"start":{},"end":{}}],"line":18},"1":{"loc":{"start":{"line":51,"column":4},"end":{"line":51,"column":63}},"type":"if","locations":[{"start":{"line":51,"column":4},"end":{"line":51,"column":63}},{"start":{},"end":{}}],"line":51},"2":{"loc":{"start":{"line":58,"column":6},"end":{"line":60,"column":7}},"type":"if","locations":[{"start":{"line":58,"column":6},"end":{"line":60,"column":7}},{"start":{},"end":{}}],"line":58},"3":{"loc":{"start":{"line":83,"column":4},"end":{"line":83,"column":55}},"type":"if","locations":[{"start":{"line":83,"column":4},"end":{"line":83,"column":55}},{"start":{},"end":{}}],"line":83},"4":{"loc":{"start":{"line":96,"column":4},"end":{"line":96,"column":55}},"type":"if","locations":[{"start":{"line":96,"column":4},"end":{"line":96,"column":55}},{"start":{},"end":{}}],"line":96},"5":{"loc":{"start":{"line":106,"column":6},"end":{"line":107,"column":68}},"type":"if","locations":[{"start":{"line":106,"column":6},"end":{"line":107,"column":68}},{"start":{},"end":{}}],"line":106},"6":{"loc":{"start":{"line":110,"column":4},"end":{"line":113,"column":5}},"type":"if","locations":[{"start":{"line":110,"column":4},"end":{"line":113,"column":5}},{"start":{},"end":{}}],"line":110},"7":{"loc":{"start":{"line":114,"column":4},"end":{"line":117,"column":5}},"type":"if","locations":[{"start":{"line":114,"column":4},"end":{"line":117,"column":5}},{"start":{},"end":{}}],"line":114},"8":{"loc":{"start":{"line":118,"column":4},"end":{"line":120,"column":5}},"type":"if","locations":[{"start":{"line":118,"column":4},"end":{"line":120,"column":5}},{"start":{},"end":{}}],"line":118},"9":{"loc":{"start":{"line":122,"column":4},"end":{"line":124,"column":5}},"type":"if","locations":[{"start":{"line":122,"column":4},"end":{"line":124,"column":5}},{"start":{},"end":{}}],"line":122},"10":{"loc":{"start":{"line":135,"column":4},"end":{"line":136,"column":77}},"type":"if","locations":[{"start":{"line":135,"column":4},"end":{"line":136,"column":77}},{"start":{},"end":{}}],"line":135}},"s":{"0":7,"1":7,"2":7,"3":16,"4":16,"5":1,"6":15,"7":15,"8":15,"9":18,"10":18,"11":5,"12":4,"13":4,"14":2,"15":2,"16":4,"17":4,"18":7,"19":1,"20":3,"21":3,"22":3,"23":3,"24":3,"25":3,"26":1,"27":2,"28":3,"29":3,"30":3,"31":1,"32":2,"33":5,"34":5,"35":5,"36":5,"37":5,"38":4,"39":1,"40":4,"41":4,"42":1,"43":1,"44":4,"45":1,"46":1,"47":4,"48":1,"49":4,"50":4,"51":3,"52":4,"53":4,"54":4,"55":4,"56":1,"57":3,"58":7},"f":{"0":16,"1":18,"2":5,"3":4,"4":3,"5":5,"6":4},"b":{"0":[1,15],"1":[2,2],"2":[1,6],"3":[1,2],"4":[1,2],"5":[1,3],"6":[1,3],"7":[1,3],"8":[1,3],"9":[3,1],"10":[1,3]},"_coverageSchema":"1a1c01bbd47fc00a2c39e90264f33305004495a9","hash":"c88961bc2f57fb38002b053e72dae8e29e7a9ef2"}
,"C:\\Users\\Clay O'Dell\\AU_SWE_Bootcamp\\express-jobly\\models\\user.js": {"path":"C:\\Users\\Clay O'Dell\\AU_SWE_Bootcamp\\express-jobly\\models\\user.js","statementMap":{"0":{"start":{"line":3,"column":11},"end":{"line":3,"column":27}},"1":{"start":{"line":4,"column":15},"end":{"line":4,"column":32}},"2":{"start":{"line":5,"column":32},"end":{"line":5,"column":57}},"3":{"start":{"line":10,"column":4},"end":{"line":10,"column":30}},"4":{"start":{"line":12,"column":31},"end":{"line":12,"column":54}},"5":{"start":{"line":26,"column":19},"end":{"line":36,"column":5}},"6":{"start":{"line":38,"column":17},"end":{"line":38,"column":31}},"7":{"start":{"line":40,"column":4},"end":{"line":47,"column":5}},"8":{"start":{"line":42,"column":22},"end":{"line":42,"column":67}},"9":{"start":{"line":43,"column":6},"end":{"line":46,"column":7}},"10":{"start":{"line":44,"column":8},"end":{"line":44,"column":29}},"11":{"start":{"line":45,"column":8},"end":{"line":45,"column":20}},"12":{"start":{"line":49,"column":4},"end":{"line":49,"column":61}},"13":{"start":{"line":67,"column":27},"end":{"line":72,"column":5}},"14":{"start":{"line":74,"column":4},"end":{"line":76,"column":5}},"15":{"start":{"line":75,"column":6},"end":{"line":75,"column":67}},"16":{"start":{"line":78,"column":27},"end":{"line":78,"column":74}},"17":{"start":{"line":80,"column":19},"end":{"line":91,"column":5}},"18":{"start":{"line":93,"column":17},"end":{"line":93,"column":31}},"19":{"start":{"line":95,"column":4},"end":{"line":95,"column":16}},"20":{"start":{"line":104,"column":19},"end":{"line":112,"column":5}},"21":{"start":{"line":114,"column":4},"end":{"line":114,"column":23}},"22":{"start":{"line":126,"column":20},"end":{"line":135,"column":5}},"23":{"start":{"line":137,"column":17},"end":{"line":137,"column":32}},"24":{"start":{"line":139,"column":4},"end":{"line":139,"column":63}},"25":{"start":{"line":139,"column":15},"end":{"line":139,"column":63}},"26":{"start":{"line":141,"column":4},"end":{"line":141,"column":16}},"27":{"start":{"line":162,"column":4},"end":{"line":164,"column":5}},"28":{"start":{"line":163,"column":6},"end":{"line":163,"column":75}},"29":{"start":{"line":166,"column":32},"end":{"line":170,"column":6}},"30":{"start":{"line":171,"column":27},"end":{"line":171,"column":52}},"31":{"start":{"line":173,"column":21},"end":{"line":180,"column":54}},"32":{"start":{"line":181,"column":19},"end":{"line":181,"column":66}},"33":{"start":{"line":182,"column":17},"end":{"line":182,"column":31}},"34":{"start":{"line":184,"column":4},"end":{"line":184,"column":63}},"35":{"start":{"line":184,"column":15},"end":{"line":184,"column":63}},"36":{"start":{"line":186,"column":4},"end":{"line":186,"column":25}},"37":{"start":{"line":187,"column":4},"end":{"line":187,"column":16}},"38":{"start":{"line":193,"column":17},"end":{"line":199,"column":5}},"39":{"start":{"line":200,"column":17},"end":{"line":200,"column":31}},"40":{"start":{"line":202,"column":4},"end":{"line":202,"column":63}},"41":{"start":{"line":202,"column":15},"end":{"line":202,"column":63}},"42":{"start":{"line":206,"column":23},"end":{"line":211,"column":5}},"43":{"start":{"line":212,"column":4},"end":{"line":214,"column":5}},"44":{"start":{"line":213,"column":6},"end":{"line":213,"column":59}},"45":{"start":{"line":215,"column":22},"end":{"line":220,"column":5}},"46":{"start":{"line":221,"column":4},"end":{"line":223,"column":5}},"47":{"start":{"line":222,"column":6},"end":{"line":222,"column":55}},"48":{"start":{"line":224,"column":22},"end":{"line":229,"column":5}},"49":{"start":{"line":230,"column":4},"end":{"line":234,"column":5}},"50":{"start":{"line":231,"column":6},"end":{"line":233,"column":8}},"51":{"start":{"line":235,"column":19},"end":{"line":240,"column":5}},"52":{"start":{"line":241,"column":4},"end":{"line":241,"column":23}},"53":{"start":{"line":244,"column":19},"end":{"line":255,"column":5}},"54":{"start":{"line":257,"column":4},"end":{"line":257,"column":23}},"55":{"start":{"line":261,"column":0},"end":{"line":261,"column":22}}},"fnMap":{"0":{"name":"(anonymous_0)","decl":{"start":{"line":24,"column":2},"end":{"line":24,"column":3}},"loc":{"start":{"line":24,"column":48},"end":{"line":50,"column":3}},"line":24},"1":{"name":"(anonymous_1)","decl":{"start":{"line":59,"column":2},"end":{"line":59,"column":3}},"loc":{"start":{"line":66,"column":5},"end":{"line":96,"column":3}},"line":66},"2":{"name":"(anonymous_2)","decl":{"start":{"line":103,"column":2},"end":{"line":103,"column":3}},"loc":{"start":{"line":103,"column":25},"end":{"line":115,"column":3}},"line":103},"3":{"name":"(anonymous_3)","decl":{"start":{"line":125,"column":2},"end":{"line":125,"column":3}},"loc":{"start":{"line":125,"column":29},"end":{"line":142,"column":3}},"line":125},"4":{"name":"(anonymous_4)","decl":{"start":{"line":161,"column":2},"end":{"line":161,"column":3}},"loc":{"start":{"line":161,"column":38},"end":{"line":188,"column":3}},"line":161},"5":{"name":"(anonymous_5)","decl":{"start":{"line":192,"column":2},"end":{"line":192,"column":3}},"loc":{"start":{"line":192,"column":32},"end":{"line":203,"column":3}},"line":192},"6":{"name":"(anonymous_6)","decl":{"start":{"line":205,"column":2},"end":{"line":205,"column":3}},"loc":{"start":{"line":205,"column":38},"end":{"line":242,"column":3}},"line":205},"7":{"name":"(anonymous_7)","decl":{"start":{"line":243,"column":2},"end":{"line":243,"column":3}},"loc":{"start":{"line":243,"column":24},"end":{"line":258,"column":3}},"line":243}},"branchMap":{"0":{"loc":{"start":{"line":40,"column":4},"end":{"line":47,"column":5}},"type":"if","locations":[{"start":{"line":40,"column":4},"end":{"line":47,"column":5}},{"start":{},"end":{}}],"line":40},"1":{"loc":{"start":{"line":43,"column":6},"end":{"line":46,"column":7}},"type":"if","locations":[{"start":{"line":43,"column":6},"end":{"line":46,"column":7}},{"start":{},"end":{}}],"line":43},"2":{"loc":{"start":{"line":74,"column":4},"end":{"line":76,"column":5}},"type":"if","locations":[{"start":{"line":74,"column":4},"end":{"line":76,"column":5}},{"start":{},"end":{}}],"line":74},"3":{"loc":{"start":{"line":139,"column":4},"end":{"line":139,"column":63}},"type":"if","locations":[{"start":{"line":139,"column":4},"end":{"line":139,"column":63}},{"start":{},"end":{}}],"line":139},"4":{"loc":{"start":{"line":162,"column":4},"end":{"line":164,"column":5}},"type":"if","locations":[{"start":{"line":162,"column":4},"end":{"line":164,"column":5}},{"start":{},"end":{}}],"line":162},"5":{"loc":{"start":{"line":184,"column":4},"end":{"line":184,"column":63}},"type":"if","locations":[{"start":{"line":184,"column":4},"end":{"line":184,"column":63}},{"start":{},"end":{}}],"line":184},"6":{"loc":{"start":{"line":202,"column":4},"end":{"line":202,"column":63}},"type":"if","locations":[{"start":{"line":202,"column":4},"end":{"line":202,"column":63}},{"start":{},"end":{}}],"line":202},"7":{"loc":{"start":{"line":212,"column":4},"end":{"line":214,"column":5}},"type":"if","locations":[{"start":{"line":212,"column":4},"end":{"line":214,"column":5}},{"start":{},"end":{}}],"line":212},"8":{"loc":{"start":{"line":221,"column":4},"end":{"line":223,"column":5}},"type":"if","locations":[{"start":{"line":221,"column":4},"end":{"line":223,"column":5}},{"start":{},"end":{}}],"line":221},"9":{"loc":{"start":{"line":230,"column":4},"end":{"line":234,"column":5}},"type":"if","locations":[{"start":{"line":230,"column":4},"end":{"line":234,"column":5}},{"start":{},"end":{}}],"line":230}},"s":{"0":6,"1":6,"2":6,"3":6,"4":6,"5":7,"6":7,"7":7,"8":4,"9":4,"10":3,"11":3,"12":4,"13":23,"14":23,"15":1,"16":22,"17":22,"18":22,"19":22,"20":1,"21":1,"22":4,"23":4,"24":4,"25":2,"26":2,"27":7,"28":2,"29":7,"30":6,"31":6,"32":6,"33":6,"34":6,"35":2,"36":4,"37":4,"38":4,"39":4,"40":4,"41":2,"42":6,"43":6,"44":1,"45":5,"46":5,"47":1,"48":4,"49":4,"50":1,"51":3,"52":3,"53":3,"54":2,"55":6},"f":{"0":7,"1":23,"2":1,"3":4,"4":7,"5":4,"6":6,"7":3},"b":{"0":[4,3],"1":[3,1],"2":[1,22],"3":[2,2],"4":[2,5],"5":[2,4],"6":[2,2],"7":[1,5],"8":[1,4],"9":[1,3]},"_coverageSchema":"1a1c01bbd47fc00a2c39e90264f33305004495a9","hash":"79b161b32d08052414e355ddb2d17082638951d6"}
,"C:\\Users\\Clay O'Dell\\AU_SWE_Bootcamp\\express-jobly\\routes\\_testCommon.js": {"path":"C:\\Users\\Clay O'Dell\\AU_SWE_Bootcamp\\express-jobly\\routes\\_testCommon.js","statementMap":{"0":{"start":{"line":3,"column":11},"end":{"line":3,"column":30}},"1":{"start":{"line":4,"column":13},"end":{"line":4,"column":38}},"2":{"start":{"line":5,"column":16},"end":{"line":5,"column":44}},"3":{"start":{"line":6,"column":12},"end":{"line":6,"column":36}},"4":{"start":{"line":7,"column":24},"end":{"line":7,"column":52}},"5":{"start":{"line":11,"column":2},"end":{"line":11,"column":38}},"6":{"start":{"line":13,"column":2},"end":{"line":13,"column":42}},"7":{"start":{"line":15,"column":2},"end":{"line":15,"column":37}},"8":{"start":{"line":17,"column":2},"end":{"line":24,"column":9}},"9":{"start":{"line":25,"column":2},"end":{"line":32,"column":9}},"10":{"start":{"line":33,"column":2},"end":{"line":40,"column":9}},"11":{"start":{"line":42,"column":2},"end":{"line":49,"column":5}},"12":{"start":{"line":50,"column":2},"end":{"line":57,"column":5}},"13":{"start":{"line":58,"column":2},"end":{"line":65,"column":5}},"14":{"start":{"line":66,"column":2},"end":{"line":73,"column":5}},"15":{"start":{"line":75,"column":2},"end":{"line":80,"column":5}},"16":{"start":{"line":82,"column":2},"end":{"line":87,"column":5}},"17":{"start":{"line":89,"column":2},"end":{"line":94,"column":5}},"18":{"start":{"line":98,"column":2},"end":{"line":98,"column":26}},"19":{"start":{"line":102,"column":2},"end":{"line":102,"column":29}},"20":{"start":{"line":106,"column":2},"end":{"line":106,"column":17}},"21":{"start":{"line":110,"column":16},"end":{"line":110,"column":63}},"22":{"start":{"line":111,"column":19},"end":{"line":111,"column":67}},"23":{"start":{"line":114,"column":0},"end":{"line":121,"column":2}}},"fnMap":{"0":{"name":"commonBeforeAll","decl":{"start":{"line":9,"column":15},"end":{"line":9,"column":30}},"loc":{"start":{"line":9,"column":33},"end":{"line":95,"column":1}},"line":9},"1":{"name":"commonBeforeEach","decl":{"start":{"line":97,"column":15},"end":{"line":97,"column":31}},"loc":{"start":{"line":97,"column":34},"end":{"line":99,"column":1}},"line":97},"2":{"name":"commonAfterEach","decl":{"start":{"line":101,"column":15},"end":{"line":101,"column":30}},"loc":{"start":{"line":101,"column":33},"end":{"line":103,"column":1}},"line":101},"3":{"name":"commonAfterAll","decl":{"start":{"line":105,"column":15},"end":{"line":105,"column":29}},"loc":{"start":{"line":105,"column":32},"end":{"line":107,"column":1}},"line":105}},"branchMap":{},"s":{"0":4,"1":4,"2":4,"3":4,"4":4,"5":4,"6":4,"7":4,"8":4,"9":4,"10":4,"11":4,"12":4,"13":4,"14":4,"15":4,"16":4,"17":4,"18":73,"19":73,"20":4,"21":4,"22":4,"23":4},"f":{"0":4,"1":73,"2":73,"3":4},"b":{},"_coverageSchema":"1a1c01bbd47fc00a2c39e90264f33305004495a9","hash":"1de4821502ed53998bcab46627b53469e5b63753"}
,"C:\\Users\\Clay O'Dell\\AU_SWE_Bootcamp\\express-jobly\\routes\\auth.js": {"path":"C:\\Users\\Clay O'Dell\\AU_SWE_Bootcamp\\express-jobly\\routes\\auth.js","statementMap":{"0":{"start":{"line":5,"column":19},"end":{"line":5,"column":40}},"1":{"start":{"line":7,"column":13},"end":{"line":7,"column":38}},"2":{"start":{"line":8,"column":16},"end":{"line":8,"column":34}},"3":{"start":{"line":9,"column":15},"end":{"line":9,"column":35}},"4":{"start":{"line":10,"column":24},"end":{"line":10,"column":52}},"5":{"start":{"line":11,"column":23},"end":{"line":11,"column":58}},"6":{"start":{"line":12,"column":27},"end":{"line":12,"column":66}},"7":{"start":{"line":13,"column":28},"end":{"line":13,"column":54}},"8":{"start":{"line":22,"column":0},"end":{"line":37,"column":3}},"9":{"start":{"line":23,"column":2},"end":{"line":36,"column":3}},"10":{"start":{"line":24,"column":22},"end":{"line":24,"column":67}},"11":{"start":{"line":25,"column":4},"end":{"line":28,"column":5}},"12":{"start":{"line":26,"column":19},"end":{"line":26,"column":53}},"13":{"start":{"line":26,"column":45},"end":{"line":26,"column":52}},"14":{"start":{"line":27,"column":6},"end":{"line":27,"column":38}},"15":{"start":{"line":30,"column":35},"end":{"line":30,"column":43}},"16":{"start":{"line":31,"column":17},"end":{"line":31,"column":60}},"17":{"start":{"line":32,"column":18},"end":{"line":32,"column":35}},"18":{"start":{"line":33,"column":4},"end":{"line":33,"column":31}},"19":{"start":{"line":35,"column":4},"end":{"line":35,"column":21}},"20":{"start":{"line":49,"column":0},"end":{"line":63,"column":3}},"21":{"start":{"line":50,"column":2},"end":{"line":62,"column":3}},"22":{"start":{"line":51,"column":22},"end":{"line":51,"column":71}},"23":{"start":{"line":52,"column":4},"end":{"line":55,"column":5}},"24":{"start":{"line":53,"column":19},"end":{"line":53,"column":53}},"25":{"start":{"line":53,"column":45},"end":{"line":53,"column":52}},"26":{"start":{"line":54,"column":6},"end":{"line":54,"column":38}},"27":{"start":{"line":57,"column":20},"end":{"line":57,"column":72}},"28":{"start":{"line":58,"column":18},"end":{"line":58,"column":38}},"29":{"start":{"line":59,"column":4},"end":{"line":59,"column":43}},"30":{"start":{"line":61,"column":4},"end":{"line":61,"column":21}},"31":{"start":{"line":66,"column":0},"end":{"line":66,"column":24}}},"fnMap":{"0":{"name":"(anonymous_0)","decl":{"start":{"line":22,"column":22},"end":{"line":22,"column":23}},"loc":{"start":{"line":22,"column":54},"end":{"line":37,"column":1}},"line":22},"1":{"name":"(anonymous_1)","decl":{"start":{"line":26,"column":40},"end":{"line":26,"column":41}},"loc":{"start":{"line":26,"column":45},"end":{"line":26,"column":52}},"line":26},"2":{"name":"(anonymous_2)","decl":{"start":{"line":49,"column":25},"end":{"line":49,"column":26}},"loc":{"start":{"line":49,"column":57},"end":{"line":63,"column":1}},"line":49},"3":{"name":"(anonymous_3)","decl":{"start":{"line":53,"column":40},"end":{"line":53,"column":41}},"loc":{"start":{"line":53,"column":45},"end":{"line":53,"column":52}},"line":53}},"branchMap":{"0":{"loc":{"start":{"line":25,"column":4},"end":{"line":28,"column":5}},"type":"if","locations":[{"start":{"line":25,"column":4},"end":{"line":28,"column":5}},{"start":{},"end":{}}],"line":25},"1":{"loc":{"start":{"line":52,"column":4},"end":{"line":55,"column":5}},"type":"if","locations":[{"start":{"line":52,"column":4},"end":{"line":55,"column":5}},{"start":{},"end":{}}],"line":52}},"s":{"0":5,"1":5,"2":5,"3":5,"4":5,"5":5,"6":5,"7":5,"8":5,"9":5,"10":5,"11":5,"12":2,"13":2,"14":2,"15":3,"16":3,"17":1,"18":1,"19":4,"20":5,"21":3,"22":3,"23":3,"24":2,"25":5,"26":2,"27":1,"28":1,"29":1,"30":2,"31":5},"f":{"0":5,"1":2,"2":3,"3":5},"b":{"0":[2,3],"1":[2,1]},"_coverageSchema":"1a1c01bbd47fc00a2c39e90264f33305004495a9","hash":"d20fc94e31d54f1d574a46af2e13368116d01abc"}
,"C:\\Users\\Clay O'Dell\\AU_SWE_Bootcamp\\express-jobly\\routes\\companies.js": {"path":"C:\\Users\\Clay O'Dell\\AU_SWE_Bootcamp\\express-jobly\\routes\\companies.js","statementMap":{"0":{"start":{"line":5,"column":19},"end":{"line":5,"column":40}},"1":{"start":{"line":6,"column":16},"end":{"line":6,"column":34}},"2":{"start":{"line":8,"column":28},"end":{"line":8,"column":54}},"3":{"start":{"line":9,"column":57},"end":{"line":9,"column":86}},"4":{"start":{"line":10,"column":16},"end":{"line":10,"column":44}},"5":{"start":{"line":11,"column":12},"end":{"line":11,"column":36}},"6":{"start":{"line":13,"column":25},"end":{"line":13,"column":62}},"7":{"start":{"line":14,"column":28},"end":{"line":14,"column":68}},"8":{"start":{"line":16,"column":15},"end":{"line":16,"column":35}},"9":{"start":{"line":27,"column":0},"end":{"line":40,"column":3}},"10":{"start":{"line":28,"column":2},"end":{"line":39,"column":3}},"11":{"start":{"line":29,"column":22},"end":{"line":29,"column":69}},"12":{"start":{"line":30,"column":4},"end":{"line":33,"column":5}},"13":{"start":{"line":31,"column":19},"end":{"line":31,"column":55}},"14":{"start":{"line":31,"column":47},"end":{"line":31,"column":54}},"15":{"start":{"line":32,"column":6},"end":{"line":32,"column":38}},"16":{"start":{"line":35,"column":20},"end":{"line":35,"column":50}},"17":{"start":{"line":36,"column":4},"end":{"line":36,"column":45}},"18":{"start":{"line":38,"column":4},"end":{"line":38,"column":21}},"19":{"start":{"line":54,"column":0},"end":{"line":68,"column":3}},"20":{"start":{"line":55,"column":2},"end":{"line":67,"column":3}},"21":{"start":{"line":56,"column":49},"end":{"line":56,"column":58}},"22":{"start":{"line":58,"column":4},"end":{"line":62,"column":5}},"23":{"start":{"line":59,"column":6},"end":{"line":61,"column":8}},"24":{"start":{"line":63,"column":22},"end":{"line":63,"column":59}},"25":{"start":{"line":64,"column":4},"end":{"line":64,"column":35}},"26":{"start":{"line":66,"column":4},"end":{"line":66,"column":21}},"27":{"start":{"line":78,"column":0},"end":{"line":90,"column":3}},"28":{"start":{"line":79,"column":2},"end":{"line":89,"column":3}},"29":{"start":{"line":80,"column":26},"end":{"line":80,"column":43}},"30":{"start":{"line":81,"column":20},"end":{"line":81,"column":52}},"31":{"start":{"line":82,"column":4},"end":{"line":82,"column":44}},"32":{"start":{"line":82,"column":18},"end":{"line":82,"column":44}},"33":{"start":{"line":84,"column":17},"end":{"line":84,"column":58}},"34":{"start":{"line":85,"column":4},"end":{"line":85,"column":24}},"35":{"start":{"line":86,"column":4},"end":{"line":86,"column":33}},"36":{"start":{"line":88,"column":4},"end":{"line":88,"column":21}},"37":{"start":{"line":103,"column":0},"end":{"line":116,"column":3}},"38":{"start":{"line":104,"column":2},"end":{"line":115,"column":3}},"39":{"start":{"line":105,"column":22},"end":{"line":105,"column":72}},"40":{"start":{"line":106,"column":4},"end":{"line":109,"column":5}},"41":{"start":{"line":107,"column":19},"end":{"line":107,"column":55}},"42":{"start":{"line":107,"column":47},"end":{"line":107,"column":54}},"43":{"start":{"line":108,"column":6},"end":{"line":108,"column":38}},"44":{"start":{"line":111,"column":20},"end":{"line":111,"column":69}},"45":{"start":{"line":112,"column":4},"end":{"line":112,"column":33}},"46":{"start":{"line":114,"column":4},"end":{"line":114,"column":21}},"47":{"start":{"line":123,"column":0},"end":{"line":130,"column":3}},"48":{"start":{"line":124,"column":2},"end":{"line":129,"column":3}},"49":{"start":{"line":125,"column":4},"end":{"line":125,"column":44}},"50":{"start":{"line":126,"column":4},"end":{"line":126,"column":52}},"51":{"start":{"line":128,"column":4},"end":{"line":128,"column":21}},"52":{"start":{"line":132,"column":0},"end":{"line":132,"column":24}}},"fnMap":{"0":{"name":"(anonymous_0)","decl":{"start":{"line":27,"column":63},"end":{"line":27,"column":64}},"loc":{"start":{"line":27,"column":95},"end":{"line":40,"column":1}},"line":27},"1":{"name":"(anonymous_1)","decl":{"start":{"line":31,"column":40},"end":{"line":31,"column":41}},"loc":{"start":{"line":31,"column":47},"end":{"line":31,"column":54}},"line":31},"2":{"name":"(anonymous_2)","decl":{"start":{"line":54,"column":16},"end":{"line":54,"column":17}},"loc":{"start":{"line":54,"column":48},"end":{"line":68,"column":1}},"line":54},"3":{"name":"(anonymous_3)","decl":{"start":{"line":78,"column":23},"end":{"line":78,"column":24}},"loc":{"start":{"line":78,"column":55},"end":{"line":90,"column":1}},"line":78},"4":{"name":"(anonymous_4)","decl":{"start":{"line":103,"column":71},"end":{"line":103,"column":72}},"loc":{"start":{"line":103,"column":103},"end":{"line":116,"column":1}},"line":103},"5":{"name":"(anonymous_5)","decl":{"start":{"line":107,"column":40},"end":{"line":107,"column":41}},"loc":{"start":{"line":107,"column":47},"end":{"line":107,"column":54}},"line":107},"6":{"name":"(anonymous_6)","decl":{"start":{"line":123,"column":71},"end":{"line":123,"column":72}},"loc":{"start":{"line":123,"column":103},"end":{"line":130,"column":1}},"line":123}},"branchMap":{"0":{"loc":{"start":{"line":30,"column":4},"end":{"line":33,"column":5}},"type":"if","locations":[{"start":{"line":30,"column":4},"end":{"line":33,"column":5}},{"start":{},"end":{}}],"line":30},"1":{"loc":{"start":{"line":58,"column":4},"end":{"line":62,"column":5}},"type":"if","locations":[{"start":{"line":58,"column":4},"end":{"line":62,"column":5}},{"start":{},"end":{}}],"line":58},"2":{"loc":{"start":{"line":82,"column":4},"end":{"line":82,"column":44}},"type":"if","locations":[{"start":{"line":82,"column":4},"end":{"line":82,"column":44}},{"start":{},"end":{}}],"line":82},"3":{"loc":{"start":{"line":106,"column":4},"end":{"line":109,"column":5}},"type":"if","locations":[{"start":{"line":106,"column":4},"end":{"line":109,"column":5}},{"start":{},"end":{}}],"line":106}},"s":{"0":5,"1":5,"2":5,"3":5,"4":5,"5":5,"6":5,"7":5,"8":5,"9":5,"10":3,"11":3,"12":3,"13":2,"14":3,"15":2,"16":1,"17":1,"18":2,"19":5,"20":7,"21":7,"22":7,"23":1,"24":6,"25":5,"26":2,"27":5,"28":3,"29":3,"30":3,"31":2,"32":0,"33":2,"34":2,"35":2,"36":1,"37":5,"38":4,"39":4,"40":4,"41":2,"42":2,"43":2,"44":2,"45":1,"46":3,"47":5,"48":2,"49":2,"50":1,"51":1,"52":5},"f":{"0":3,"1":3,"2":7,"3":3,"4":4,"5":2,"6":2},"b":{"0":[2,1],"1":[1,6],"2":[0,2],"3":[2,2]},"_coverageSchema":"1a1c01bbd47fc00a2c39e90264f33305004495a9","hash":"122d2a8748f72989966965a9f78716346687fe97"}
,"C:\\Users\\Clay O'Dell\\AU_SWE_Bootcamp\\express-jobly\\routes\\jobs.js": {"path":"C:\\Users\\Clay O'Dell\\AU_SWE_Bootcamp\\express-jobly\\routes\\jobs.js","statementMap":{"0":{"start":{"line":5,"column":19},"end":{"line":5,"column":40}},"1":{"start":{"line":6,"column":16},"end":{"line":6,"column":34}},"2":{"start":{"line":8,"column":28},"end":{"line":8,"column":54}},"3":{"start":{"line":13,"column":4},"end":{"line":13,"column":33}},"4":{"start":{"line":14,"column":12},"end":{"line":14,"column":36}},"5":{"start":{"line":16,"column":21},"end":{"line":16,"column":54}},"6":{"start":{"line":17,"column":24},"end":{"line":17,"column":60}},"7":{"start":{"line":19,"column":15},"end":{"line":19,"column":35}},"8":{"start":{"line":21,"column":0},"end":{"line":40,"column":2}},"9":{"start":{"line":27,"column":4},"end":{"line":38,"column":5}},"10":{"start":{"line":28,"column":24},"end":{"line":28,"column":67}},"11":{"start":{"line":29,"column":6},"end":{"line":32,"column":7}},"12":{"start":{"line":30,"column":21},"end":{"line":30,"column":57}},"13":{"start":{"line":30,"column":49},"end":{"line":30,"column":56}},"14":{"start":{"line":31,"column":8},"end":{"line":31,"column":40}},"15":{"start":{"line":34,"column":18},"end":{"line":34,"column":44}},"16":{"start":{"line":35,"column":6},"end":{"line":35,"column":43}},"17":{"start":{"line":37,"column":6},"end":{"line":37,"column":23}},"18":{"start":{"line":42,"column":0},"end":{"line":49,"column":3}},"19":{"start":{"line":43,"column":2},"end":{"line":48,"column":3}},"20":{"start":{"line":44,"column":17},"end":{"line":44,"column":36}},"21":{"start":{"line":45,"column":4},"end":{"line":45,"column":30}},"22":{"start":{"line":47,"column":4},"end":{"line":47,"column":21}},"23":{"start":{"line":51,"column":0},"end":{"line":59,"column":3}},"24":{"start":{"line":52,"column":2},"end":{"line":58,"column":3}},"25":{"start":{"line":53,"column":16},"end":{"line":53,"column":44}},"26":{"start":{"line":55,"column":4},"end":{"line":55,"column":41}},"27":{"start":{"line":57,"column":4},"end":{"line":57,"column":21}},"28":{"start":{"line":61,"column":0},"end":{"line":79,"column":2}},"29":{"start":{"line":67,"column":4},"end":{"line":77,"column":5}},"30":{"start":{"line":68,"column":24},"end":{"line":68,"column":70}},"31":{"start":{"line":69,"column":6},"end":{"line":72,"column":7}},"32":{"start":{"line":70,"column":21},"end":{"line":70,"column":57}},"33":{"start":{"line":70,"column":49},"end":{"line":70,"column":56}},"34":{"start":{"line":71,"column":8},"end":{"line":71,"column":40}},"35":{"start":{"line":73,"column":18},"end":{"line":73,"column":59}},"36":{"start":{"line":74,"column":6},"end":{"line":74,"column":31}},"37":{"start":{"line":76,"column":6},"end":{"line":76,"column":23}},"38":{"start":{"line":81,"column":0},"end":{"line":94,"column":2}},"39":{"start":{"line":87,"column":4},"end":{"line":92,"column":5}},"40":{"start":{"line":88,"column":6},"end":{"line":88,"column":38}},"41":{"start":{"line":89,"column":6},"end":{"line":89,"column":50}},"42":{"start":{"line":91,"column":6},"end":{"line":91,"column":23}},"43":{"start":{"line":96,"column":0},"end":{"line":96,"column":24}}},"fnMap":{"0":{"name":"(anonymous_0)","decl":{"start":{"line":26,"column":2},"end":{"line":26,"column":3}},"loc":{"start":{"line":26,"column":28},"end":{"line":39,"column":3}},"line":26},"1":{"name":"(anonymous_1)","decl":{"start":{"line":30,"column":42},"end":{"line":30,"column":43}},"loc":{"start":{"line":30,"column":49},"end":{"line":30,"column":56}},"line":30},"2":{"name":"(anonymous_2)","decl":{"start":{"line":42,"column":16},"end":{"line":42,"column":17}},"loc":{"start":{"line":42,"column":42},"end":{"line":49,"column":1}},"line":42},"3":{"name":"(anonymous_3)","decl":{"start":{"line":51,"column":19},"end":{"line":51,"column":20}},"loc":{"start":{"line":51,"column":45},"end":{"line":59,"column":1}},"line":51},"4":{"name":"(anonymous_4)","decl":{"start":{"line":66,"column":2},"end":{"line":66,"column":3}},"loc":{"start":{"line":66,"column":28},"end":{"line":78,"column":3}},"line":66},"5":{"name":"(anonymous_5)","decl":{"start":{"line":70,"column":42},"end":{"line":70,"column":43}},"loc":{"start":{"line":70,"column":49},"end":{"line":70,"column":56}},"line":70},"6":{"name":"(anonymous_6)","decl":{"start":{"line":86,"column":2},"end":{"line":86,"column":3}},"loc":{"start":{"line":86,"column":28},"end":{"line":93,"column":3}},"line":86}},"branchMap":{"0":{"loc":{"start":{"line":29,"column":6},"end":{"line":32,"column":7}},"type":"if","locations":[{"start":{"line":29,"column":6},"end":{"line":32,"column":7}},{"start":{},"end":{}}],"line":29},"1":{"loc":{"start":{"line":69,"column":6},"end":{"line":72,"column":7}},"type":"if","locations":[{"start":{"line":69,"column":6},"end":{"line":72,"column":7}},{"start":{},"end":{}}],"line":69}},"s":{"0":5,"1":5,"2":5,"3":5,"4":5,"5":5,"6":5,"7":5,"8":5,"9":3,"10":3,"11":3,"12":2,"13":3,"14":2,"15":1,"16":1,"17":2,"18":5,"19":9,"20":9,"21":9,"22":0,"23":5,"24":3,"25":3,"26":1,"27":2,"28":5,"29":5,"30":5,"31":5,"32":3,"33":3,"34":3,"35":2,"36":1,"37":4,"38":5,"39":2,"40":2,"41":1,"42":1,"43":5},"f":{"0":3,"1":3,"2":9,"3":3,"4":5,"5":3,"6":2},"b":{"0":[2,1],"1":[3,2]},"_coverageSchema":"1a1c01bbd47fc00a2c39e90264f33305004495a9","hash":"6e2508ba45ab206970d8b4478be687074cf5a988"}
,"C:\\Users\\Clay O'Dell\\AU_SWE_Bootcamp\\express-jobly\\routes\\users.js": {"path":"C:\\Users\\Clay O'Dell\\AU_SWE_Bootcamp\\express-jobly\\routes\\users.js","statementMap":{"0":{"start":{"line":5,"column":19},"end":{"line":5,"column":40}},"1":{"start":{"line":7,"column":16},"end":{"line":7,"column":34}},"2":{"start":{"line":12,"column":4},"end":{"line":12,"column":33}},"3":{"start":{"line":13,"column":47},"end":{"line":13,"column":73}},"4":{"start":{"line":14,"column":13},"end":{"line":14,"column":38}},"5":{"start":{"line":15,"column":24},"end":{"line":15,"column":52}},"6":{"start":{"line":16,"column":22},"end":{"line":16,"column":56}},"7":{"start":{"line":17,"column":25},"end":{"line":17,"column":62}},"8":{"start":{"line":19,"column":15},"end":{"line":19,"column":31}},"9":{"start":{"line":33,"column":0},"end":{"line":53,"column":2}},"10":{"start":{"line":39,"column":4},"end":{"line":51,"column":5}},"11":{"start":{"line":40,"column":24},"end":{"line":40,"column":68}},"12":{"start":{"line":41,"column":6},"end":{"line":44,"column":7}},"13":{"start":{"line":42,"column":21},"end":{"line":42,"column":57}},"14":{"start":{"line":42,"column":49},"end":{"line":42,"column":56}},"15":{"start":{"line":43,"column":8},"end":{"line":43,"column":40}},"16":{"start":{"line":46,"column":19},"end":{"line":46,"column":48}},"17":{"start":{"line":47,"column":20},"end":{"line":47,"column":37}},"18":{"start":{"line":48,"column":6},"end":{"line":48,"column":51}},"19":{"start":{"line":50,"column":6},"end":{"line":50,"column":23}},"20":{"start":{"line":62,"column":0},"end":{"line":75,"column":2}},"21":{"start":{"line":68,"column":4},"end":{"line":73,"column":5}},"22":{"start":{"line":69,"column":20},"end":{"line":69,"column":39}},"23":{"start":{"line":70,"column":6},"end":{"line":70,"column":33}},"24":{"start":{"line":72,"column":6},"end":{"line":72,"column":23}},"25":{"start":{"line":84,"column":0},"end":{"line":102,"column":2}},"26":{"start":{"line":89,"column":4},"end":{"line":100,"column":5}},"27":{"start":{"line":90,"column":6},"end":{"line":95,"column":7}},"28":{"start":{"line":94,"column":8},"end":{"line":94,"column":38}},"29":{"start":{"line":96,"column":19},"end":{"line":96,"column":54}},"30":{"start":{"line":97,"column":6},"end":{"line":97,"column":32}},"31":{"start":{"line":99,"column":6},"end":{"line":99,"column":23}},"32":{"start":{"line":114,"column":0},"end":{"line":133,"column":3}},"33":{"start":{"line":115,"column":2},"end":{"line":132,"column":3}},"34":{"start":{"line":116,"column":4},"end":{"line":121,"column":5}},"35":{"start":{"line":120,"column":6},"end":{"line":120,"column":36}},"36":{"start":{"line":122,"column":22},"end":{"line":122,"column":69}},"37":{"start":{"line":123,"column":4},"end":{"line":126,"column":5}},"38":{"start":{"line":124,"column":19},"end":{"line":124,"column":55}},"39":{"start":{"line":124,"column":47},"end":{"line":124,"column":54}},"40":{"start":{"line":125,"column":6},"end":{"line":125,"column":38}},"41":{"start":{"line":128,"column":17},"end":{"line":128,"column":65}},"42":{"start":{"line":129,"column":4},"end":{"line":129,"column":30}},"43":{"start":{"line":131,"column":4},"end":{"line":131,"column":21}},"44":{"start":{"line":140,"column":0},"end":{"line":158,"column":2}},"45":{"start":{"line":145,"column":4},"end":{"line":156,"column":5}},"46":{"start":{"line":146,"column":6},"end":{"line":151,"column":7}},"47":{"start":{"line":150,"column":8},"end":{"line":150,"column":38}},"48":{"start":{"line":152,"column":6},"end":{"line":152,"column":45}},"49":{"start":{"line":153,"column":6},"end":{"line":153,"column":56}},"50":{"start":{"line":155,"column":6},"end":{"line":155,"column":23}},"51":{"start":{"line":160,"column":0},"end":{"line":181,"column":2}},"52":{"start":{"line":165,"column":4},"end":{"line":179,"column":5}},"53":{"start":{"line":166,"column":23},"end":{"line":166,"column":42}},"54":{"start":{"line":167,"column":20},"end":{"line":167,"column":33}},"55":{"start":{"line":168,"column":6},"end":{"line":173,"column":7}},"56":{"start":{"line":172,"column":8},"end":{"line":172,"column":38}},"57":{"start":{"line":174,"column":21},"end":{"line":174,"column":54}},"58":{"start":{"line":176,"column":6},"end":{"line":176,"column":42}},"59":{"start":{"line":178,"column":6},"end":{"line":178,"column":23}},"60":{"start":{"line":183,"column":0},"end":{"line":183,"column":24}}},"fnMap":{"0":{"name":"(anonymous_0)","decl":{"start":{"line":38,"column":2},"end":{"line":38,"column":3}},"loc":{"start":{"line":38,"column":34},"end":{"line":52,"column":3}},"line":38},"1":{"name":"(anonymous_1)","decl":{"start":{"line":42,"column":42},"end":{"line":42,"column":43}},"loc":{"start":{"line":42,"column":49},"end":{"line":42,"column":56}},"line":42},"2":{"name":"(anonymous_2)","decl":{"start":{"line":67,"column":2},"end":{"line":67,"column":3}},"loc":{"start":{"line":67,"column":34},"end":{"line":74,"column":3}},"line":67},"3":{"name":"(anonymous_3)","decl":{"start":{"line":88,"column":2},"end":{"line":88,"column":3}},"loc":{"start":{"line":88,"column":34},"end":{"line":101,"column":3}},"line":88},"4":{"name":"(anonymous_4)","decl":{"start":{"line":114,"column":43},"end":{"line":114,"column":44}},"loc":{"start":{"line":114,"column":75},"end":{"line":133,"column":1}},"line":114},"5":{"name":"(anonymous_5)","decl":{"start":{"line":124,"column":40},"end":{"line":124,"column":41}},"loc":{"start":{"line":124,"column":47},"end":{"line":124,"column":54}},"line":124},"6":{"name":"(anonymous_6)","decl":{"start":{"line":144,"column":2},"end":{"line":144,"column":3}},"loc":{"start":{"line":144,"column":34},"end":{"line":157,"column":3}},"line":144},"7":{"name":"(anonymous_7)","decl":{"start":{"line":164,"column":2},"end":{"line":164,"column":3}},"loc":{"start":{"line":164,"column":28},"end":{"line":180,"column":3}},"line":164}},"branchMap":{"0":{"loc":{"start":{"line":41,"column":6},"end":{"line":44,"column":7}},"type":"if","locations":[{"start":{"line":41,"column":6},"end":{"line":44,"column":7}},{"start":{},"end":{}}],"line":41},"1":{"loc":{"start":{"line":90,"column":6},"end":{"line":95,"column":7}},"type":"if","locations":[{"start":{"line":90,"column":6},"end":{"line":95,"column":7}},{"start":{},"end":{}}],"line":90},"2":{"loc":{"start":{"line":91,"column":8},"end":{"line":92,"column":32}},"type":"binary-expr","locations":[{"start":{"line":91,"column":8},"end":{"line":91,"column":56}},{"start":{"line":92,"column":8},"end":{"line":92,"column":32}}],"line":91},"3":{"loc":{"start":{"line":116,"column":4},"end":{"line":121,"column":5}},"type":"if","locations":[{"start":{"line":116,"column":4},"end":{"line":121,"column":5}},{"start":{},"end":{}}],"line":116},"4":{"loc":{"start":{"line":117,"column":6},"end":{"line":118,"column":30}},"type":"binary-expr","locations":[{"start":{"line":117,"column":6},"end":{"line":117,"column":54}},{"start":{"line":118,"column":6},"end":{"line":118,"column":30}}],"line":117},"5":{"loc":{"start":{"line":123,"column":4},"end":{"line":126,"column":5}},"type":"if","locations":[{"start":{"line":123,"column":4},"end":{"line":126,"column":5}},{"start":{},"end":{}}],"line":123},"6":{"loc":{"start":{"line":146,"column":6},"end":{"line":151,"column":7}},"type":"if","locations":[{"start":{"line":146,"column":6},"end":{"line":151,"column":7}},{"start":{},"end":{}}],"line":146},"7":{"loc":{"start":{"line":147,"column":8},"end":{"line":148,"column":32}},"type":"binary-expr","locations":[{"start":{"line":147,"column":8},"end":{"line":147,"column":56}},{"start":{"line":148,"column":8},"end":{"line":148,"column":32}}],"line":147},"8":{"loc":{"start":{"line":168,"column":6},"end":{"line":173,"column":7}},"type":"if","locations":[{"start":{"line":168,"column":6},"end":{"line":173,"column":7}},{"start":{},"end":{}}],"line":168},"9":{"loc":{"start":{"line":169,"column":8},"end":{"line":170,"column":32}},"type":"binary-expr","locations":[{"start":{"line":169,"column":8},"end":{"line":169,"column":56}},{"start":{"line":170,"column":8},"end":{"line":170,"column":32}}],"line":169}},"s":{"0":5,"1":5,"2":5,"3":5,"4":5,"5":5,"6":5,"7":5,"8":5,"9":5,"10":4,"11":4,"12":4,"13":2,"14":5,"15":2,"16":2,"17":2,"18":2,"19":2,"20":5,"21":2,"22":2,"23":1,"24":1,"25":5,"26":2,"27":2,"28":0,"29":2,"30":1,"31":1,"32":5,"33":4,"34":4,"35":0,"36":4,"37":4,"38":1,"39":1,"40":1,"41":3,"42":2,"43":2,"44":5,"45":2,"46":2,"47":0,"48":2,"49":1,"50":1,"51":5,"52":3,"53":3,"54":3,"55":3,"56":0,"57":3,"58":1,"59":2,"60":5},"f":{"0":4,"1":5,"2":2,"3":2,"4":4,"5":1,"6":2,"7":3},"b":{"0":[2,2],"1":[0,2],"2":[2,1],"3":[0,4],"4":[4,1],"5":[1,3],"6":[0,2],"7":[2,1],"8":[0,3],"9":[3,1]},"_coverageSchema":"1a1c01bbd47fc00a2c39e90264f33305004495a9","hash":"40dd4c854e42eec72f6cbc775f8367ee5c0fc2a6"}
}
