TN:
SF:app.js
FN:31,(anonymous_0)
FN:36,(anonymous_1)
FNF:2
FNH:2
FNDA:2,(anonymous_0)
FNDA:50,(anonymous_1)
DA:5,5
DA:6,5
DA:8,5
DA:10,5
DA:11,5
DA:12,5
DA:13,5
DA:14,5
DA:16,5
DA:18,5
DA:20,5
DA:21,5
DA:22,5
DA:23,5
DA:25,5
DA:26,5
DA:27,5
DA:28,5
DA:31,5
DA:32,2
DA:36,5
DA:37,50
DA:38,50
DA:39,50
DA:41,50
DA:46,5
LF:26
LH:26
BRDA:37,0,0,1
BRDA:37,0,1,49
BRDA:38,1,0,50
BRDA:38,1,1,3
BRF:4
BRH:4
end_of_record
TN:
SF:config.js
FN:13,getDatabaseUri
FNF:1
FNH:1
FNDA:22,getDatabaseUri
DA:5,11
DA:6,11
DA:8,11
DA:10,11
DA:14,22
DA:22,11
DA:24,11
DA:25,11
DA:26,11
DA:27,11
DA:28,11
DA:29,11
DA:31,11
LF:13
LH:13
BRDA:8,0,0,11
BRDA:8,0,1,0
BRDA:10,1,0,11
BRDA:10,1,1,10
BRDA:14,2,0,19
BRDA:14,2,1,3
BRDA:15,3,0,19
BRDA:15,3,1,0
BRDA:16,4,0,3
BRDA:16,4,1,1
BRDA:22,5,0,10
BRDA:22,5,1,1
BRF:12
BRH:10
end_of_record
TN:
SF:db.js
FNF:0
FNH:0
DA:3,8
DA:4,8
DA:8,8
DA:9,0
DA:16,8
DA:21,8
DA:23,8
LF:7
LH:6
BRDA:8,0,0,0
BRDA:8,0,1,8
BRF:2
BRH:1
end_of_record
TN:
SF:expressError.js
FN:8,(anonymous_0)
FN:18,(anonymous_1)
FN:26,(anonymous_2)
FN:34,(anonymous_3)
FN:42,(anonymous_4)
FNF:5
FNH:4
FNDA:70,(anonymous_0)
FNDA:21,(anonymous_1)
FNDA:21,(anonymous_2)
FNDA:28,(anonymous_3)
FNDA:0,(anonymous_4)
DA:9,70
DA:10,70
DA:11,70
DA:19,21
DA:27,21
DA:35,28
DA:43,0
DA:47,10
LF:8
LH:7
BRDA:18,0,0,2
BRDA:26,1,0,10
BRDA:34,2,0,0
BRDA:42,3,0,0
BRF:4
BRH:2
end_of_record
TN:
SF:helpers\sql.js
FN:13,sqlForPartialUpdate
FN:18,(anonymous_1)
FNF:2
FNH:2
FNDA:21,sqlForPartialUpdate
FNDA:38,(anonymous_1)
DA:1,9
DA:14,21
DA:15,21
DA:18,18
DA:19,38
DA:22,18
DA:28,9
LF:7
LH:7
BRDA:15,0,0,3
BRDA:15,0,1,18
BRDA:19,1,0,38
BRDA:19,1,1,14
BRF:4
BRH:4
end_of_record
TN:
SF:helpers\tokens.js
FN:6,createToken
FNF:1
FNH:1
FNDA:15,createToken
DA:1,6
DA:2,6
DA:7,15
DA:10,15
DA:15,15
DA:18,6
LF:6
LH:6
BRDA:12,0,0,15
BRDA:12,0,1,9
BRF:2
BRH:2
end_of_record
TN:
SF:middleware\auth.js
FN:17,authenticateJWT
FN:35,ensureLoggedIn
FN:44,ensureAdmin
FNF:3
FNH:3
FNDA:132,authenticateJWT
FNDA:53,ensureLoggedIn
FNDA:33,ensureAdmin
DA:5,6
DA:6,6
DA:7,6
DA:18,132
DA:19,132
DA:20,132
DA:21,83
DA:22,83
DA:24,131
DA:26,1
DA:36,53
DA:37,53
DA:38,43
DA:40,10
DA:45,33
DA:46,26
DA:48,7
DA:52,6
LF:18
LH:18
BRDA:19,0,0,132
BRDA:19,0,1,131
BRDA:20,1,0,83
BRDA:20,1,1,49
BRDA:37,2,0,10
BRDA:37,2,1,43
BRDA:45,3,0,26
BRDA:45,3,1,7
BRDA:45,4,0,33
BRDA:45,4,1,32
BRF:10
BRH:10
end_of_record
TN:
SF:models\_testCommon.js
FN:6,commonBeforeAll
FN:46,commonBeforeEach
FN:51,commonAfterEach
FN:55,commonAfterAll
FNF:4
FNH:4
FNDA:3,commonBeforeAll
FNDA:51,commonBeforeEach
FNDA:51,commonAfterEach
FNDA:3,commonAfterAll
DA:1,3
DA:3,3
DA:4,3
DA:8,3
DA:10,3
DA:12,3
DA:14,3
DA:20,3
DA:36,3
DA:47,51
DA:52,51
DA:56,3
DA:59,3
LF:13
LH:13
BRF:0
BRH:0
end_of_record
TN:
SF:models\company.js
FN:19,(anonymous_0)
FN:47,(anonymous_1)
FN:68,(anonymous_2)
FN:87,(anonymous_3)
FN:100,(anonymous_4)
FN:115,(anonymous_5)
FN:137,(anonymous_6)
FN:165,(anonymous_7)
FN:178,(anonymous_8)
FNF:9
FNH:9
FNDA:16,(anonymous_0)
FNDA:1,(anonymous_1)
FNDA:5,(anonymous_2)
FNDA:2,(anonymous_3)
FNDA:1,(anonymous_4)
FNDA:1,(anonymous_5)
FNDA:6,(anonymous_6)
FNDA:4,(anonymous_7)
FNDA:10,(anonymous_8)
DA:3,6
DA:4,6
DA:5,6
DA:20,16
DA:27,16
DA:28,1
DA:30,15
DA:37,15
DA:39,15
DA:48,1
DA:57,1
DA:69,5
DA:80,5
DA:82,5
DA:84,3
DA:88,2
DA:97,2
DA:101,1
DA:112,1
DA:116,1
DA:123,1
DA:138,6
DA:142,5
DA:144,5
DA:152,5
DA:153,5
DA:155,5
DA:157,3
DA:166,4
DA:173,4
DA:175,4
DA:179,10
DA:180,10
DA:181,10
DA:182,10
DA:184,10
DA:185,10
DA:186,1
DA:189,9
DA:190,9
DA:191,5
DA:193,9
DA:194,1
DA:196,8
DA:197,3
DA:198,3
DA:200,8
DA:201,2
DA:202,2
DA:204,8
DA:205,2
DA:206,2
DA:208,8
DA:209,8
DA:210,5
DA:212,8
DA:213,7
DA:217,6
LF:58
LH:58
BRDA:27,0,0,1
BRDA:27,0,1,15
BRDA:82,1,0,2
BRDA:82,1,1,3
BRDA:155,2,0,2
BRDA:155,2,1,3
BRDA:175,3,0,2
BRDA:175,3,1,2
BRDA:185,4,0,1
BRDA:185,4,1,9
BRDA:190,5,0,5
BRDA:190,5,1,4
BRDA:190,6,0,9
BRDA:190,6,1,6
BRDA:193,7,0,1
BRDA:193,7,1,8
BRDA:196,8,0,3
BRDA:196,8,1,5
BRDA:200,9,0,2
BRDA:200,9,1,6
BRDA:204,10,0,2
BRDA:204,10,1,6
BRDA:209,11,0,5
BRDA:209,11,1,3
BRF:24
BRH:24
end_of_record
TN:
SF:models\job.js
FN:8,(anonymous_0)
FN:32,(anonymous_1)
FN:40,(anonymous_2)
FN:55,(anonymous_3)
FN:87,(anonymous_4)
FN:99,(anonymous_5)
FN:128,(anonymous_6)
FNF:7
FNH:7
FNDA:16,(anonymous_0)
FNDA:18,(anonymous_1)
FNDA:5,(anonymous_2)
FNDA:4,(anonymous_3)
FNDA:3,(anonymous_4)
FNDA:5,(anonymous_5)
FNDA:4,(anonymous_6)
DA:3,7
DA:4,7
DA:5,7
DA:9,16
DA:18,16
DA:19,1
DA:21,15
DA:28,15
DA:29,15
DA:33,18
DA:38,18
DA:41,5
DA:50,4
DA:51,4
DA:52,2
DA:56,4
DA:57,4
DA:58,7
DA:59,1
DA:63,3
DA:68,3
DA:70,3
DA:79,3
DA:81,3
DA:83,3
DA:85,2
DA:88,3
DA:94,3
DA:96,3
DA:97,2
DA:100,5
DA:101,5
DA:102,5
DA:103,5
DA:105,5
DA:106,4
DA:107,1
DA:109,4
DA:110,4
DA:111,1
DA:112,1
DA:114,4
DA:115,1
DA:116,1
DA:118,4
DA:119,1
DA:121,4
DA:122,4
DA:123,3
DA:125,4
DA:126,4
DA:129,4
DA:135,4
DA:136,1
DA:137,3
DA:140,7
LF:56
LH:56
BRDA:18,0,0,1
BRDA:18,0,1,15
BRDA:51,1,0,2
BRDA:51,1,1,2
BRDA:58,2,0,1
BRDA:58,2,1,6
BRDA:83,3,0,1
BRDA:83,3,1,2
BRDA:96,4,0,1
BRDA:96,4,1,2
BRDA:106,5,0,1
BRDA:106,5,1,3
BRDA:110,6,0,1
BRDA:110,6,1,3
BRDA:114,7,0,1
BRDA:114,7,1,3
BRDA:118,8,0,1
BRDA:118,8,1,3
BRDA:122,9,0,3
BRDA:122,9,1,1
BRDA:135,10,0,1
BRDA:135,10,1,3
BRF:22
BRH:22
end_of_record
TN:
SF:models\user.js
FN:24,(anonymous_0)
FN:59,(anonymous_1)
FN:103,(anonymous_2)
FN:125,(anonymous_3)
FN:161,(anonymous_4)
FN:192,(anonymous_5)
FN:205,(anonymous_6)
FN:243,(anonymous_7)
FNF:8
FNH:8
FNDA:7,(anonymous_0)
FNDA:23,(anonymous_1)
FNDA:1,(anonymous_2)
FNDA:4,(anonymous_3)
FNDA:7,(anonymous_4)
FNDA:4,(anonymous_5)
FNDA:6,(anonymous_6)
FNDA:3,(anonymous_7)
DA:3,6
DA:4,6
DA:5,6
DA:10,6
DA:12,6
DA:26,7
DA:38,7
DA:40,7
DA:42,4
DA:43,4
DA:44,3
DA:45,3
DA:49,4
DA:67,23
DA:74,23
DA:75,1
DA:78,22
DA:80,22
DA:93,22
DA:95,22
DA:104,1
DA:114,1
DA:126,4
DA:137,4
DA:139,4
DA:141,2
DA:162,7
DA:163,2
DA:166,7
DA:171,6
DA:173,6
DA:181,6
DA:182,6
DA:184,6
DA:186,4
DA:187,4
DA:193,4
DA:200,4
DA:202,4
DA:206,6
DA:212,6
DA:213,1
DA:215,5
DA:221,5
DA:222,1
DA:224,4
DA:230,4
DA:231,1
DA:235,3
DA:241,3
DA:244,3
DA:257,2
DA:261,6
LF:53
LH:53
BRDA:40,0,0,4
BRDA:40,0,1,3
BRDA:43,1,0,3
BRDA:43,1,1,1
BRDA:74,2,0,1
BRDA:74,2,1,22
BRDA:139,3,0,2
BRDA:139,3,1,2
BRDA:162,4,0,2
BRDA:162,4,1,5
BRDA:184,5,0,2
BRDA:184,5,1,4
BRDA:202,6,0,2
BRDA:202,6,1,2
BRDA:212,7,0,1
BRDA:212,7,1,5
BRDA:221,8,0,1
BRDA:221,8,1,4
BRDA:230,9,0,1
BRDA:230,9,1,3
BRF:20
BRH:20
end_of_record
TN:
SF:routes\_testCommon.js
FN:9,commonBeforeAll
FN:97,commonBeforeEach
FN:101,commonAfterEach
FN:105,commonAfterAll
FNF:4
FNH:4
FNDA:4,commonBeforeAll
FNDA:73,commonBeforeEach
FNDA:73,commonAfterEach
FNDA:4,commonAfterAll
DA:3,4
DA:4,4
DA:5,4
DA:6,4
DA:7,4
DA:11,4
DA:13,4
DA:15,4
DA:17,4
DA:25,4
DA:33,4
DA:42,4
DA:50,4
DA:58,4
DA:66,4
DA:75,4
DA:82,4
DA:89,4
DA:98,73
DA:102,73
DA:106,4
DA:110,4
DA:111,4
DA:114,4
LF:24
LH:24
BRF:0
BRH:0
end_of_record
TN:
SF:routes\auth.js
FN:22,(anonymous_0)
FN:26,(anonymous_1)
FN:49,(anonymous_2)
FN:53,(anonymous_3)
FNF:4
FNH:4
FNDA:5,(anonymous_0)
FNDA:2,(anonymous_1)
FNDA:3,(anonymous_2)
FNDA:5,(anonymous_3)
DA:5,5
DA:7,5
DA:8,5
DA:9,5
DA:10,5
DA:11,5
DA:12,5
DA:13,5
DA:22,5
DA:23,5
DA:24,5
DA:25,5
DA:26,2
DA:27,2
DA:30,3
DA:31,3
DA:32,1
DA:33,1
DA:35,4
DA:49,5
DA:50,3
DA:51,3
DA:52,3
DA:53,5
DA:54,2
DA:57,1
DA:58,1
DA:59,1
DA:61,2
DA:66,5
LF:30
LH:30
BRDA:25,0,0,2
BRDA:25,0,1,3
BRDA:52,1,0,2
BRDA:52,1,1,1
BRF:4
BRH:4
end_of_record
TN:
SF:routes\companies.js
FN:27,(anonymous_0)
FN:31,(anonymous_1)
FN:54,(anonymous_2)
FN:78,(anonymous_3)
FN:103,(anonymous_4)
FN:107,(anonymous_5)
FN:123,(anonymous_6)
FNF:7
FNH:7
FNDA:3,(anonymous_0)
FNDA:3,(anonymous_1)
FNDA:7,(anonymous_2)
FNDA:3,(anonymous_3)
FNDA:4,(anonymous_4)
FNDA:2,(anonymous_5)
FNDA:2,(anonymous_6)
DA:5,5
DA:6,5
DA:8,5
DA:9,5
DA:10,5
DA:11,5
DA:13,5
DA:14,5
DA:16,5
DA:27,5
DA:28,3
DA:29,3
DA:30,3
DA:31,3
DA:32,2
DA:35,1
DA:36,1
DA:38,2
DA:54,5
DA:55,7
DA:56,7
DA:58,7
DA:59,1
DA:63,6
DA:64,5
DA:66,2
DA:78,5
DA:79,3
DA:80,3
DA:81,3
DA:82,2
DA:84,2
DA:85,2
DA:86,2
DA:88,1
DA:103,5
DA:104,4
DA:105,4
DA:106,4
DA:107,2
DA:108,2
DA:111,2
DA:112,1
DA:114,3
DA:123,5
DA:124,2
DA:125,2
DA:126,1
DA:128,1
DA:132,5
LF:50
LH:50
BRDA:30,0,0,2
BRDA:30,0,1,1
BRDA:58,1,0,1
BRDA:58,1,1,6
BRDA:82,2,0,0
BRDA:82,2,1,2
BRDA:106,3,0,2
BRDA:106,3,1,2
BRF:8
BRH:7
end_of_record
TN:
SF:routes\jobs.js
FN:26,(anonymous_0)
FN:30,(anonymous_1)
FN:42,(anonymous_2)
FN:51,(anonymous_3)
FN:66,(anonymous_4)
FN:70,(anonymous_5)
FN:86,(anonymous_6)
FNF:7
FNH:7
FNDA:3,(anonymous_0)
FNDA:3,(anonymous_1)
FNDA:9,(anonymous_2)
FNDA:3,(anonymous_3)
FNDA:5,(anonymous_4)
FNDA:3,(anonymous_5)
FNDA:2,(anonymous_6)
DA:5,5
DA:6,5
DA:8,5
DA:13,5
DA:14,5
DA:16,5
DA:17,5
DA:19,5
DA:21,5
DA:27,3
DA:28,3
DA:29,3
DA:30,3
DA:31,2
DA:34,1
DA:35,1
DA:37,2
DA:42,5
DA:43,9
DA:44,9
DA:45,9
DA:47,0
DA:51,5
DA:52,3
DA:53,3
DA:55,1
DA:57,2
DA:61,5
DA:67,5
DA:68,5
DA:69,5
DA:70,3
DA:71,3
DA:73,2
DA:74,1
DA:76,4
DA:81,5
DA:87,2
DA:88,2
DA:89,1
DA:91,1
DA:96,5
LF:42
LH:41
BRDA:29,0,0,2
BRDA:29,0,1,1
BRDA:69,1,0,3
BRDA:69,1,1,2
BRF:4
BRH:4
end_of_record
TN:
SF:routes\users.js
FN:38,(anonymous_0)
FN:42,(anonymous_1)
FN:67,(anonymous_2)
FN:88,(anonymous_3)
FN:114,(anonymous_4)
FN:124,(anonymous_5)
FN:144,(anonymous_6)
FN:164,(anonymous_7)
FNF:8
FNH:8
FNDA:4,(anonymous_0)
FNDA:5,(anonymous_1)
FNDA:2,(anonymous_2)
FNDA:2,(anonymous_3)
FNDA:4,(anonymous_4)
FNDA:1,(anonymous_5)
FNDA:2,(anonymous_6)
FNDA:3,(anonymous_7)
DA:5,5
DA:7,5
DA:12,5
DA:13,5
DA:14,5
DA:15,5
DA:16,5
DA:17,5
DA:19,5
DA:33,5
DA:39,4
DA:40,4
DA:41,4
DA:42,5
DA:43,2
DA:46,2
DA:47,2
DA:48,2
DA:50,2
DA:62,5
DA:68,2
DA:69,2
DA:70,1
DA:72,1
DA:84,5
DA:89,2
DA:90,2
DA:94,0
DA:96,2
DA:97,1
DA:99,1
DA:114,5
DA:115,4
DA:116,4
DA:120,0
DA:122,4
DA:123,4
DA:124,1
DA:125,1
DA:128,3
DA:129,2
DA:131,2
DA:140,5
DA:145,2
DA:146,2
DA:150,0
DA:152,2
DA:153,1
DA:155,1
DA:160,5
DA:165,3
DA:166,3
DA:167,3
DA:168,3
DA:172,0
DA:174,3
DA:176,1
DA:178,2
DA:183,5
LF:59
LH:55
BRDA:41,0,0,2
BRDA:41,0,1,2
BRDA:90,1,0,0
BRDA:90,1,1,2
BRDA:91,2,0,2
BRDA:91,2,1,1
BRDA:116,3,0,0
BRDA:116,3,1,4
BRDA:117,4,0,4
BRDA:117,4,1,1
BRDA:123,5,0,1
BRDA:123,5,1,3
BRDA:146,6,0,0
BRDA:146,6,1,2
BRDA:147,7,0,2
BRDA:147,7,1,1
BRDA:168,8,0,0
BRDA:168,8,1,3
BRDA:169,9,0,3
BRDA:169,9,1,1
BRF:20
BRH:16
end_of_record
