TN:
SF:app.js
FN:31,(anonymous_0)
FN:36,(anonymous_1)
FNF:2
FNH:2
FNDA:2,(anonymous_0)
FNDA:2,(anonymous_1)
DA:5,5
DA:6,5
DA:8,5
DA:10,5
DA:11,5
DA:12,5
DA:13,5
DA:14,5
DA:16,5
DA:18,5
DA:20,5
DA:21,5
DA:22,5
DA:23,5
DA:25,5
DA:26,5
DA:27,5
DA:28,5
DA:31,5
DA:32,2
DA:36,5
DA:37,2
DA:38,2
DA:39,2
DA:41,2
DA:46,5
LF:26
LH:26
BRDA:37,0,0,1
BRDA:37,0,1,1
BRDA:38,1,0,2
BRDA:38,1,1,0
BRF:4
BRH:3
end_of_record
TN:
SF:config.js
FN:13,getDatabaseUri
FNF:1
FNH:1
FNDA:23,getDatabaseUri
DA:5,11
DA:6,11
DA:8,11
DA:10,11
DA:14,23
DA:22,11
DA:24,11
DA:25,11
DA:26,11
DA:27,11
DA:28,11
DA:29,11
DA:31,11
LF:13
LH:13
BRDA:8,0,0,11
BRDA:8,0,1,0
BRDA:10,1,0,11
BRDA:10,1,1,0
BRDA:14,2,0,21
BRDA:14,2,1,2
BRDA:16,3,0,2
BRDA:16,3,1,1
BRDA:22,4,0,11
BRDA:22,4,1,0
BRF:10
BRH:7
end_of_record
TN:
SF:db.js
FNF:0
FNH:0
DA:3,8
DA:4,8
DA:8,8
DA:9,0
DA:16,8
DA:21,8
DA:23,8
LF:7
LH:6
BRDA:8,0,0,0
BRDA:8,0,1,8
BRF:2
BRH:1
end_of_record
TN:
SF:expressError.js
FN:8,(anonymous_0)
FN:18,(anonymous_1)
FN:26,(anonymous_2)
FN:34,(anonymous_3)
FN:42,(anonymous_4)
FNF:5
FNH:4
FNDA:16,(anonymous_0)
FNDA:6,(anonymous_1)
FNDA:4,(anonymous_2)
FNDA:6,(anonymous_3)
FNDA:0,(anonymous_4)
DA:9,16
DA:10,16
DA:11,16
DA:19,6
DA:27,4
DA:35,6
DA:43,0
DA:47,10
LF:8
LH:7
BRDA:18,0,0,2
BRDA:26,1,0,1
BRDA:34,2,0,0
BRDA:42,3,0,0
BRF:4
BRH:2
end_of_record
TN:
SF:helpers\sql.js
FN:13,sqlForPartialUpdate
FN:18,(anonymous_1)
FNF:2
FNH:2
FNDA:10,sqlForPartialUpdate
FNDA:18,(anonymous_1)
DA:1,9
DA:14,10
DA:15,10
DA:18,8
DA:19,18
DA:22,8
DA:28,9
LF:7
LH:7
BRDA:15,0,0,2
BRDA:15,0,1,8
BRDA:19,1,0,18
BRDA:19,1,1,5
BRF:4
BRH:4
end_of_record
TN:
SF:helpers\tokens.js
FN:6,createToken
FNF:1
FNH:1
FNDA:11,createToken
DA:1,6
DA:2,6
DA:7,11
DA:10,11
DA:15,11
DA:18,6
LF:6
LH:6
BRDA:12,0,0,11
BRDA:12,0,1,6
BRF:2
BRH:2
end_of_record
TN:
SF:middleware\auth.js
FN:17,authenticateJWT
FN:35,ensureLoggedIn
FN:44,ensureAdmin
FNF:3
FNH:3
FNDA:5,authenticateJWT
FNDA:2,ensureLoggedIn
FNDA:2,ensureAdmin
DA:5,6
DA:6,6
DA:7,6
DA:18,5
DA:19,5
DA:20,5
DA:21,2
DA:22,2
DA:24,4
DA:26,1
DA:36,2
DA:37,2
DA:38,1
DA:40,1
DA:45,2
DA:46,1
DA:48,1
DA:52,6
LF:18
LH:18
BRDA:19,0,0,5
BRDA:19,0,1,4
BRDA:20,1,0,2
BRDA:20,1,1,3
BRDA:37,2,0,1
BRDA:37,2,1,1
BRDA:45,3,0,1
BRDA:45,3,1,1
BRDA:45,4,0,2
BRDA:45,4,1,1
BRF:10
BRH:10
end_of_record
TN:
SF:models\_testCommon.js
FN:6,commonBeforeAll
FN:46,commonBeforeEach
FN:51,commonAfterEach
FN:55,commonAfterAll
FNF:4
FNH:4
FNDA:3,commonBeforeAll
FNDA:27,commonBeforeEach
FNDA:46,commonAfterEach
FNDA:3,commonAfterAll
DA:1,3
DA:3,3
DA:4,3
DA:8,3
DA:10,3
DA:12,3
DA:14,3
DA:20,2
DA:36,2
DA:47,27
DA:52,46
DA:56,3
DA:59,3
LF:13
LH:13
BRF:0
BRH:0
end_of_record
TN:
SF:models\company.js
FN:19,(anonymous_0)
FN:47,(anonymous_1)
FN:68,(anonymous_2)
FN:87,(anonymous_3)
FN:100,(anonymous_4)
FN:115,(anonymous_5)
FN:137,(anonymous_6)
FN:165,(anonymous_7)
FN:178,(anonymous_8)
FNF:9
FNH:1
FNDA:4,(anonymous_0)
FNDA:0,(anonymous_1)
FNDA:0,(anonymous_2)
FNDA:0,(anonymous_3)
FNDA:0,(anonymous_4)
FNDA:0,(anonymous_5)
FNDA:0,(anonymous_6)
FNDA:0,(anonymous_7)
FNDA:0,(anonymous_8)
DA:3,6
DA:4,6
DA:5,6
DA:20,4
DA:27,4
DA:28,0
DA:30,4
DA:37,0
DA:39,0
DA:48,0
DA:57,0
DA:69,0
DA:80,0
DA:82,0
DA:84,0
DA:88,0
DA:97,0
DA:101,0
DA:112,0
DA:116,0
DA:123,0
DA:138,0
DA:142,0
DA:144,0
DA:152,0
DA:153,0
DA:155,0
DA:157,0
DA:166,0
DA:173,0
DA:175,0
DA:179,0
DA:180,0
DA:181,0
DA:182,0
DA:184,0
DA:185,0
DA:186,0
DA:189,0
DA:190,0
DA:191,0
DA:193,0
DA:194,0
DA:196,0
DA:197,0
DA:198,0
DA:200,0
DA:201,0
DA:202,0
DA:204,0
DA:205,0
DA:206,0
DA:208,0
DA:209,0
DA:210,0
DA:212,0
DA:213,0
DA:217,6
LF:58
LH:7
BRDA:27,0,0,0
BRDA:27,0,1,4
BRDA:82,1,0,0
BRDA:82,1,1,0
BRDA:155,2,0,0
BRDA:155,2,1,0
BRDA:175,3,0,0
BRDA:175,3,1,0
BRDA:185,4,0,0
BRDA:185,4,1,0
BRDA:190,5,0,0
BRDA:190,5,1,0
BRDA:190,6,0,0
BRDA:190,6,1,0
BRDA:193,7,0,0
BRDA:193,7,1,0
BRDA:196,8,0,0
BRDA:196,8,1,0
BRDA:200,9,0,0
BRDA:200,9,1,0
BRDA:204,10,0,0
BRDA:204,10,1,0
BRDA:209,11,0,0
BRDA:209,11,1,0
BRF:24
BRH:1
end_of_record
TN:
SF:models\job.js
FN:8,(anonymous_0)
FN:32,(anonymous_1)
FN:40,(anonymous_2)
FN:55,(anonymous_3)
FN:87,(anonymous_4)
FN:99,(anonymous_5)
FNF:6
FNH:6
FNDA:3,(anonymous_0)
FNDA:2,(anonymous_1)
FNDA:2,(anonymous_2)
FNDA:2,(anonymous_3)
FNDA:1,(anonymous_4)
FNDA:5,(anonymous_5)
DA:3,6
DA:4,6
DA:5,6
DA:9,3
DA:18,3
DA:19,1
DA:21,2
DA:28,2
DA:29,2
DA:33,2
DA:38,2
DA:41,2
DA:50,2
DA:51,2
DA:52,1
DA:56,2
DA:57,2
DA:58,4
DA:59,1
DA:63,1
DA:68,1
DA:70,1
DA:79,1
DA:81,1
DA:83,1
DA:85,1
DA:88,1
DA:94,1
DA:96,1
DA:97,1
DA:100,5
DA:101,5
DA:102,5
DA:103,5
DA:105,5
DA:106,4
DA:107,1
DA:109,4
DA:110,4
DA:111,1
DA:112,1
DA:114,4
DA:115,1
DA:116,1
DA:118,4
DA:119,1
DA:122,4
DA:123,4
DA:124,3
DA:126,4
DA:127,4
DA:130,6
LF:52
LH:52
BRDA:18,0,0,1
BRDA:18,0,1,2
BRDA:51,1,0,1
BRDA:51,1,1,1
BRDA:58,2,0,1
BRDA:58,2,1,3
BRDA:83,3,0,0
BRDA:83,3,1,1
BRDA:96,4,0,0
BRDA:96,4,1,1
BRDA:106,5,0,1
BRDA:106,5,1,3
BRDA:110,6,0,1
BRDA:110,6,1,3
BRDA:114,7,0,1
BRDA:114,7,1,3
BRDA:118,8,0,1
BRDA:118,8,1,3
BRDA:123,9,0,3
BRDA:123,9,1,1
BRF:20
BRH:18
end_of_record
TN:
SF:models\user.js
FN:24,(anonymous_0)
FN:59,(anonymous_1)
FN:104,(anonymous_2)
FN:126,(anonymous_3)
FN:162,(anonymous_4)
FN:195,(anonymous_5)
FNF:6
FNH:6
FNDA:3,(anonymous_0)
FNDA:4,(anonymous_1)
FNDA:1,(anonymous_2)
FNDA:2,(anonymous_3)
FNDA:4,(anonymous_4)
FNDA:2,(anonymous_5)
DA:3,6
DA:4,6
DA:5,6
DA:10,6
DA:12,6
DA:26,3
DA:38,3
DA:40,3
DA:42,1
DA:43,1
DA:44,1
DA:45,1
DA:49,2
DA:61,4
DA:68,4
DA:69,1
DA:72,3
DA:74,3
DA:94,3
DA:96,3
DA:105,1
DA:115,1
DA:127,2
DA:138,2
DA:140,2
DA:142,1
DA:163,4
DA:164,1
DA:167,4
DA:174,3
DA:176,3
DA:184,3
DA:185,3
DA:187,3
DA:189,2
DA:190,2
DA:196,2
DA:203,2
DA:205,2
DA:210,6
LF:40
LH:40
BRDA:40,0,0,1
BRDA:40,0,1,2
BRDA:43,1,0,1
BRDA:43,1,1,0
BRDA:68,2,0,1
BRDA:68,2,1,3
BRDA:140,3,0,1
BRDA:140,3,1,1
BRDA:163,4,0,1
BRDA:163,4,1,3
BRDA:187,5,0,1
BRDA:187,5,1,2
BRDA:205,6,0,1
BRDA:205,6,1,1
BRF:14
BRH:13
end_of_record
TN:
SF:routes\_testCommon.js
FN:9,commonBeforeAll
FN:97,commonBeforeEach
FN:101,commonAfterEach
FN:105,commonAfterAll
FNF:4
FNH:3
FNDA:4,commonBeforeAll
FNDA:0,commonBeforeEach
FNDA:68,commonAfterEach
FNDA:4,commonAfterAll
DA:3,4
DA:4,4
DA:5,4
DA:6,4
DA:7,4
DA:11,4
DA:13,4
DA:15,4
DA:17,4
DA:25,0
DA:33,0
DA:42,0
DA:50,0
DA:58,0
DA:66,0
DA:75,0
DA:82,0
DA:89,0
DA:98,0
DA:102,68
DA:106,4
DA:110,4
DA:111,4
DA:114,4
LF:24
LH:14
BRF:0
BRH:0
end_of_record
TN:
SF:routes\auth.js
FN:22,(anonymous_0)
FN:26,(anonymous_1)
FN:49,(anonymous_2)
FN:53,(anonymous_3)
FNF:4
FNH:0
FNDA:0,(anonymous_0)
FNDA:0,(anonymous_1)
FNDA:0,(anonymous_2)
FNDA:0,(anonymous_3)
DA:5,5
DA:7,5
DA:8,5
DA:9,5
DA:10,5
DA:11,5
DA:12,5
DA:13,5
DA:22,5
DA:23,0
DA:24,0
DA:25,0
DA:26,0
DA:27,0
DA:30,0
DA:31,0
DA:32,0
DA:33,0
DA:35,0
DA:49,5
DA:50,0
DA:51,0
DA:52,0
DA:53,0
DA:54,0
DA:57,0
DA:58,0
DA:59,0
DA:61,0
DA:66,5
LF:30
LH:11
BRDA:25,0,0,0
BRDA:25,0,1,0
BRDA:52,1,0,0
BRDA:52,1,1,0
BRF:4
BRH:0
end_of_record
TN:
SF:routes\companies.js
FN:27,(anonymous_0)
FN:31,(anonymous_1)
FN:54,(anonymous_2)
FN:78,(anonymous_3)
FN:98,(anonymous_4)
FN:102,(anonymous_5)
FN:118,(anonymous_6)
FNF:7
FNH:0
FNDA:0,(anonymous_0)
FNDA:0,(anonymous_1)
FNDA:0,(anonymous_2)
FNDA:0,(anonymous_3)
FNDA:0,(anonymous_4)
FNDA:0,(anonymous_5)
FNDA:0,(anonymous_6)
DA:5,5
DA:6,5
DA:8,5
DA:9,5
DA:10,5
DA:11,5
DA:13,5
DA:14,5
DA:16,5
DA:27,5
DA:28,0
DA:29,0
DA:30,0
DA:31,0
DA:32,0
DA:35,0
DA:36,0
DA:38,0
DA:54,5
DA:55,0
DA:56,0
DA:58,0
DA:59,0
DA:63,0
DA:64,0
DA:66,0
DA:78,5
DA:79,0
DA:80,0
DA:81,0
DA:83,0
DA:98,5
DA:99,0
DA:100,0
DA:101,0
DA:102,0
DA:103,0
DA:106,0
DA:107,0
DA:109,0
DA:118,5
DA:119,0
DA:120,0
DA:121,0
DA:123,0
DA:127,5
LF:46
LH:15
BRDA:30,0,0,0
BRDA:30,0,1,0
BRDA:58,1,0,0
BRDA:58,1,1,0
BRDA:101,2,0,0
BRDA:101,2,1,0
BRF:6
BRH:0
end_of_record
TN:
SF:routes\jobs.js
FN:26,(anonymous_0)
FN:30,(anonymous_1)
FN:42,(anonymous_2)
FN:51,(anonymous_3)
FN:66,(anonymous_4)
FN:70,(anonymous_5)
FN:86,(anonymous_6)
FNF:7
FNH:0
FNDA:0,(anonymous_0)
FNDA:0,(anonymous_1)
FNDA:0,(anonymous_2)
FNDA:0,(anonymous_3)
FNDA:0,(anonymous_4)
FNDA:0,(anonymous_5)
FNDA:0,(anonymous_6)
DA:5,5
DA:6,5
DA:8,5
DA:13,5
DA:14,5
DA:16,5
DA:17,5
DA:19,5
DA:21,5
DA:27,0
DA:28,0
DA:29,0
DA:30,0
DA:31,0
DA:34,0
DA:35,0
DA:37,0
DA:42,5
DA:43,0
DA:44,0
DA:45,0
DA:47,0
DA:51,5
DA:52,0
DA:53,0
DA:55,0
DA:57,0
DA:61,5
DA:67,0
DA:68,0
DA:69,0
DA:70,0
DA:71,0
DA:73,0
DA:74,0
DA:76,0
DA:81,5
DA:87,0
DA:88,0
DA:89,0
DA:91,0
DA:96,5
LF:42
LH:14
BRDA:29,0,0,0
BRDA:29,0,1,0
BRDA:69,1,0,0
BRDA:69,1,1,0
BRF:4
BRH:0
end_of_record
TN:
SF:routes\users.js
FN:30,(anonymous_0)
FN:34,(anonymous_1)
FN:54,(anonymous_2)
FN:71,(anonymous_3)
FN:94,(anonymous_4)
FN:101,(anonymous_5)
FN:118,(anonymous_6)
FNF:7
FNH:0
FNDA:0,(anonymous_0)
FNDA:0,(anonymous_1)
FNDA:0,(anonymous_2)
FNDA:0,(anonymous_3)
FNDA:0,(anonymous_4)
FNDA:0,(anonymous_5)
FNDA:0,(anonymous_6)
DA:5,5
DA:7,5
DA:8,5
DA:9,5
DA:10,5
DA:11,5
DA:12,5
DA:13,5
DA:15,5
DA:30,5
DA:31,0
DA:32,0
DA:33,0
DA:34,0
DA:35,0
DA:38,0
DA:39,0
DA:40,0
DA:42,0
DA:54,5
DA:55,0
DA:56,0
DA:57,0
DA:59,0
DA:71,5
DA:72,0
DA:73,0
DA:74,0
DA:76,0
DA:77,0
DA:79,0
DA:94,5
DA:95,0
DA:96,0
DA:97,0
DA:99,0
DA:100,0
DA:101,0
DA:102,0
DA:105,0
DA:106,0
DA:108,0
DA:118,5
DA:119,0
DA:120,0
DA:121,0
DA:123,0
DA:124,0
DA:126,0
DA:131,5
LF:50
LH:15
BRDA:33,0,0,0
BRDA:33,0,1,0
BRDA:73,1,0,0
BRDA:73,1,1,0
BRDA:73,2,0,0
BRDA:73,2,1,0
BRDA:96,3,0,0
BRDA:96,3,1,0
BRDA:96,4,0,0
BRDA:96,4,1,0
BRDA:100,5,0,0
BRDA:100,5,1,0
BRDA:120,6,0,0
BRDA:120,6,1,0
BRDA:120,7,0,0
BRDA:120,7,1,0
BRF:16
BRH:0
end_of_record
